30/03/2016 11:45:32 (Std) 	+-+-+-+-+-+-+-+-+-+-+-+-+-+-+-+-+-+-+-+-+-+-+-+-+-+-+-+-+-+-+-+-+-+-+-+-+-+-+-+
30/03/2016 11:45:32 (Std) 	+                     Crazy Eddie's GUI System - Event log                    +
30/03/2016 11:45:32 (Std) 	+                          (http://www.cegui.org.uk/)                         +
30/03/2016 11:45:32 (Std) 	+-+-+-+-+-+-+-+-+-+-+-+-+-+-+-+-+-+-+-+-+-+-+-+-+-+-+-+-+-+-+-+-+-+-+-+-+-+-+-+

30/03/2016 11:45:32 (Std) 	CEGUI::Logger singleton created. (0xb31440)
30/03/2016 11:45:32 (Std) 	
30/03/2016 11:45:32 (Std) 	********************************************************************************
30/03/2016 11:45:32 (Std) 	* Important:                                                                   *
30/03/2016 11:45:32 (Std) 	*     To get support at the CEGUI forums, you must post _at least_ the section *
30/03/2016 11:45:32 (Std) 	*     of this log file indicated below.  Failure to do this will result in no  *
30/03/2016 11:45:32 (Std) 	*     support being given; please do not waste our time.                       *
30/03/2016 11:45:32 (Std) 	********************************************************************************
30/03/2016 11:45:32 (Std) 	********************************************************************************
30/03/2016 11:45:32 (Std) 	* -------- START OF ESSENTIAL SECTION TO BE POSTED ON THE FORUM       -------- *
30/03/2016 11:45:32 (Std) 	********************************************************************************
30/03/2016 11:45:32 (Std) 	---- Version: 0.8.4 (Build: Mar  2 2015 GNU/Linux g++ 4.8.2 64 bit) ----
30/03/2016 11:45:32 (Std) 	---- Renderer module is: CEGUI::OgreRenderer - Official OGRE based 2nd generation renderer module. ----
30/03/2016 11:45:32 (Std) 	---- XML Parser module is: CEGUI::ExpatParser - Official expat based parser module for CEGUI ----
30/03/2016 11:45:32 (Std) 	---- Image Codec module is: OgreImageCodec - Integrated ImageCodec using the Ogre engine. ----
30/03/2016 11:45:32 (Std) 	---- Scripting module is: None ----
30/03/2016 11:45:32 (Std) 	********************************************************************************
30/03/2016 11:45:32 (Std) 	* -------- END OF ESSENTIAL SECTION TO BE POSTED ON THE FORUM         -------- *
30/03/2016 11:45:32 (Std) 	********************************************************************************
30/03/2016 11:45:32 (Std) 	
30/03/2016 11:45:32 (Std) 	---- Begining CEGUI System initialisation ----
30/03/2016 11:45:32 (Std) 	[CEGUI::ImageManager] Singleton created (0xb75530)
30/03/2016 11:45:32 (Std) 	[CEGUI::ImageManager] Registered Image type: BasicImage
30/03/2016 11:45:32 (Std) 	CEGUI::FontManager singleton created. (0xb75400)
30/03/2016 11:45:32 (Std) 	CEGUI::WindowFactoryManager singleton created
30/03/2016 11:45:32 (Std) 	CEGUI::WindowManager singleton created (0xb2b320)
30/03/2016 11:45:32 (Std) 	CEGUI::SchemeManager singleton created. (0xb2b3b0)
30/03/2016 11:45:32 (Std) 	CEGUI::GlobalEventSet singleton created. (0xb70d00)
30/03/2016 11:45:32 (Std) 	CEGUI::AnimationManager singleton created (0x105df10)
30/03/2016 11:45:32 (Std) 	CEGUI::WidgetLookManager singleton created. (0x1057ed0)
30/03/2016 11:45:32 (Std) 	CEGUI::WindowRendererManager singleton created (0x105e090)
30/03/2016 11:45:32 (Std) 	CEGUI::RenderEffectManager singleton created (0xb70c90)
30/03/2016 11:45:32 (Std) 	Created WindowFactory for 'DefaultWindow' windows.
30/03/2016 11:45:32 (Std) 	WindowFactory for 'DefaultWindow' windows added. (0xce1340)
30/03/2016 11:45:32 (Std) 	Created WindowFactory for 'DragContainer' windows.
30/03/2016 11:45:32 (Std) 	WindowFactory for 'DragContainer' windows added. (0xb32fb0)
30/03/2016 11:45:32 (Std) 	Created WindowFactory for 'ScrolledContainer' windows.
30/03/2016 11:45:32 (Std) 	WindowFactory for 'ScrolledContainer' windows added. (0xcd4430)
30/03/2016 11:45:32 (Std) 	Created WindowFactory for 'ClippedContainer' windows.
30/03/2016 11:45:32 (Std) 	WindowFactory for 'ClippedContainer' windows added. (0xcc5c00)
30/03/2016 11:45:32 (Std) 	Created WindowFactory for 'CEGUI/PushButton' windows.
30/03/2016 11:45:32 (Std) 	WindowFactory for 'CEGUI/PushButton' windows added. (0xcdaef0)
30/03/2016 11:45:32 (Std) 	Created WindowFactory for 'CEGUI/RadioButton' windows.
30/03/2016 11:45:32 (Std) 	WindowFactory for 'CEGUI/RadioButton' windows added. (0xcc1dd0)
30/03/2016 11:45:32 (Std) 	Created WindowFactory for 'CEGUI/Combobox' windows.
30/03/2016 11:45:32 (Std) 	WindowFactory for 'CEGUI/Combobox' windows added. (0xb348a0)
30/03/2016 11:45:32 (Std) 	Created WindowFactory for 'CEGUI/ComboDropList' windows.
30/03/2016 11:45:32 (Std) 	WindowFactory for 'CEGUI/ComboDropList' windows added. (0xb2c090)
30/03/2016 11:45:32 (Std) 	Created WindowFactory for 'CEGUI/Editbox' windows.
30/03/2016 11:45:32 (Std) 	WindowFactory for 'CEGUI/Editbox' windows added. (0xcd5be0)
30/03/2016 11:45:32 (Std) 	Created WindowFactory for 'CEGUI/FrameWindow' windows.
30/03/2016 11:45:32 (Std) 	WindowFactory for 'CEGUI/FrameWindow' windows added. (0xcd7380)
30/03/2016 11:45:32 (Std) 	Created WindowFactory for 'CEGUI/ItemEntry' windows.
30/03/2016 11:45:32 (Std) 	WindowFactory for 'CEGUI/ItemEntry' windows added. (0xcdfac0)
30/03/2016 11:45:32 (Std) 	Created WindowFactory for 'CEGUI/Listbox' windows.
30/03/2016 11:45:32 (Std) 	WindowFactory for 'CEGUI/Listbox' windows added. (0xce3a20)
30/03/2016 11:45:32 (Std) 	Created WindowFactory for 'CEGUI/ListHeader' windows.
30/03/2016 11:45:32 (Std) 	WindowFactory for 'CEGUI/ListHeader' windows added. (0xcb8b40)
30/03/2016 11:45:32 (Std) 	Created WindowFactory for 'CEGUI/ListHeaderSegment' windows.
30/03/2016 11:45:32 (Std) 	WindowFactory for 'CEGUI/ListHeaderSegment' windows added. (0xcd4fc0)
30/03/2016 11:45:32 (Std) 	Created WindowFactory for 'CEGUI/Menubar' windows.
30/03/2016 11:45:32 (Std) 	WindowFactory for 'CEGUI/Menubar' windows added. (0xb2f180)
30/03/2016 11:45:32 (Std) 	Created WindowFactory for 'CEGUI/PopupMenu' windows.
30/03/2016 11:45:32 (Std) 	WindowFactory for 'CEGUI/PopupMenu' windows added. (0xcc2a10)
30/03/2016 11:45:32 (Std) 	Created WindowFactory for 'CEGUI/MenuItem' windows.
30/03/2016 11:45:32 (Std) 	WindowFactory for 'CEGUI/MenuItem' windows added. (0xcd97a0)
30/03/2016 11:45:32 (Std) 	Created WindowFactory for 'CEGUI/MultiColumnList' windows.
30/03/2016 11:45:32 (Std) 	WindowFactory for 'CEGUI/MultiColumnList' windows added. (0xcd06d0)
30/03/2016 11:45:32 (Std) 	Created WindowFactory for 'CEGUI/MultiLineEditbox' windows.
30/03/2016 11:45:32 (Std) 	WindowFactory for 'CEGUI/MultiLineEditbox' windows added. (0xcd0870)
30/03/2016 11:45:32 (Std) 	Created WindowFactory for 'CEGUI/ProgressBar' windows.
30/03/2016 11:45:32 (Std) 	WindowFactory for 'CEGUI/ProgressBar' windows added. (0xcc34d0)
30/03/2016 11:45:32 (Std) 	Created WindowFactory for 'CEGUI/ScrollablePane' windows.
30/03/2016 11:45:32 (Std) 	WindowFactory for 'CEGUI/ScrollablePane' windows added. (0xcbb0d0)
30/03/2016 11:45:32 (Std) 	Created WindowFactory for 'CEGUI/Scrollbar' windows.
30/03/2016 11:45:32 (Std) 	WindowFactory for 'CEGUI/Scrollbar' windows added. (0xcbb270)
30/03/2016 11:45:32 (Std) 	Created WindowFactory for 'CEGUI/Slider' windows.
30/03/2016 11:45:32 (Std) 	WindowFactory for 'CEGUI/Slider' windows added. (0xce5180)
30/03/2016 11:45:32 (Std) 	Created WindowFactory for 'CEGUI/Spinner' windows.
30/03/2016 11:45:32 (Std) 	WindowFactory for 'CEGUI/Spinner' windows added. (0xb2fc00)
30/03/2016 11:45:32 (Std) 	Created WindowFactory for 'CEGUI/TabButton' windows.
30/03/2016 11:45:32 (Std) 	WindowFactory for 'CEGUI/TabButton' windows added. (0xb2fda0)
30/03/2016 11:45:32 (Std) 	Created WindowFactory for 'CEGUI/TabControl' windows.
30/03/2016 11:45:32 (Std) 	WindowFactory for 'CEGUI/TabControl' windows added. (0xce4540)
30/03/2016 11:45:32 (Std) 	Created WindowFactory for 'CEGUI/Thumb' windows.
30/03/2016 11:45:32 (Std) 	WindowFactory for 'CEGUI/Thumb' windows added. (0xccfb60)
30/03/2016 11:45:32 (Std) 	Created WindowFactory for 'CEGUI/Titlebar' windows.
30/03/2016 11:45:32 (Std) 	WindowFactory for 'CEGUI/Titlebar' windows added. (0xccfd00)
30/03/2016 11:45:32 (Std) 	Created WindowFactory for 'CEGUI/ToggleButton' windows.
30/03/2016 11:45:32 (Std) 	WindowFactory for 'CEGUI/ToggleButton' windows added. (0xcc4f30)
30/03/2016 11:45:32 (Std) 	Created WindowFactory for 'CEGUI/Tooltip' windows.
30/03/2016 11:45:32 (Std) 	WindowFactory for 'CEGUI/Tooltip' windows added. (0xcded00)
30/03/2016 11:45:32 (Std) 	Created WindowFactory for 'CEGUI/ItemListbox' windows.
30/03/2016 11:45:32 (Std) 	WindowFactory for 'CEGUI/ItemListbox' windows added. (0xcdeea0)
30/03/2016 11:45:32 (Std) 	Created WindowFactory for 'CEGUI/GroupBox' windows.
30/03/2016 11:45:32 (Std) 	WindowFactory for 'CEGUI/GroupBox' windows added. (0xcd2b50)
30/03/2016 11:45:32 (Std) 	Created WindowFactory for 'CEGUI/Tree' windows.
30/03/2016 11:45:32 (Std) 	WindowFactory for 'CEGUI/Tree' windows added. (0xcc0460)
30/03/2016 11:45:32 (Std) 	Created WindowFactory for 'LayoutCell' windows.
30/03/2016 11:45:32 (Std) 	WindowFactory for 'LayoutCell' windows added. (0xcc0600)
30/03/2016 11:45:32 (Std) 	Created WindowFactory for 'HorizontalLayoutContainer' windows.
30/03/2016 11:45:32 (Std) 	WindowFactory for 'HorizontalLayoutContainer' windows added. (0xce1f30)
30/03/2016 11:45:32 (Std) 	Created WindowFactory for 'VerticalLayoutContainer' windows.
30/03/2016 11:45:32 (Std) 	WindowFactory for 'VerticalLayoutContainer' windows added. (0xcd3700)
30/03/2016 11:45:32 (Std) 	Created WindowFactory for 'GridLayoutContainer' windows.
30/03/2016 11:45:32 (Std) 	WindowFactory for 'GridLayoutContainer' windows added. (0xcd7e00)
30/03/2016 11:45:32 (Std) 	CEGUI::System singleton created. (0xb2a390)
30/03/2016 11:45:32 (Std) 	---- CEGUI System initialisation completed ----
30/03/2016 11:45:32 (Std) 	
30/03/2016 11:45:32 (Std) 	Started creation of Scheme from XML specification:
30/03/2016 11:45:32 (Std) 	---- CEGUI GUIScheme name: TaharezLook
30/03/2016 11:45:32 (Std) 	[ImageManager] Started creation of Imageset from XML specification:
30/03/2016 11:45:32 (Std) 	[ImageManager] ---- CEGUI Imageset name: TaharezLook
30/03/2016 11:45:32 (Std) 	[ImageManager] ---- Source texture file: TaharezLook.png
30/03/2016 11:45:32 (Std) 	[ImageManager] ---- Source texture resource group: (Default)
30/03/2016 11:45:32 (Std) 	[OgreRenderer] Created texture: TaharezLook
30/03/2016 11:45:32 (Std) 	[ImageManager] Created image: 'TaharezLook/ClientBrush' (0xcc82b0) of type: BasicImage
30/03/2016 11:45:32 (Std) 	[ImageManager] Created image: 'TaharezLook/GenericBrush' (0xccd830) of type: BasicImage
30/03/2016 11:45:32 (Std) 	[ImageManager] Created image: 'TaharezLook/WindowLeftEdge' (0xb2e540) of type: BasicImage
30/03/2016 11:45:32 (Std) 	[ImageManager] Created image: 'TaharezLook/WindowRightEdge' (0x1068480) of type: BasicImage
30/03/2016 11:45:32 (Std) 	[ImageManager] Created image: 'TaharezLook/WindowTopEdge' (0xcc8ec0) of type: BasicImage
30/03/2016 11:45:32 (Std) 	[ImageManager] Created image: 'TaharezLook/WindowBottomEdge' (0xb339f0) of type: BasicImage
30/03/2016 11:45:32 (Std) 	[ImageManager] Created image: 'TaharezLook/WindowTopLeft' (0xcb7d70) of type: BasicImage
30/03/2016 11:45:32 (Std) 	[ImageManager] Created image: 'TaharezLook/WindowTopRight' (0xfd60b0) of type: BasicImage
30/03/2016 11:45:32 (Std) 	[ImageManager] Created image: 'TaharezLook/WindowBottomLeft' (0xcba480) of type: BasicImage
30/03/2016 11:45:32 (Std) 	[ImageManager] Created image: 'TaharezLook/WindowBottomRight' (0xcc74b0) of type: BasicImage
30/03/2016 11:45:32 (Std) 	[ImageManager] Created image: 'TaharezLook/ButtonLeftNormal' (0xfd5cd0) of type: BasicImage
30/03/2016 11:45:32 (Std) 	[ImageManager] Created image: 'TaharezLook/ButtonMiddleNormal' (0xfd5ee0) of type: BasicImage
30/03/2016 11:45:32 (Std) 	[ImageManager] Created image: 'TaharezLook/ButtonRightNormal' (0x105d700) of type: BasicImage
30/03/2016 11:45:32 (Std) 	[ImageManager] Created image: 'TaharezLook/ButtonLeftPushed' (0x105d910) of type: BasicImage
30/03/2016 11:45:32 (Std) 	[ImageManager] Created image: 'TaharezLook/ButtonMiddlePushed' (0xcc6870) of type: BasicImage
30/03/2016 11:45:32 (Std) 	[ImageManager] Created image: 'TaharezLook/ButtonRightPushed' (0xccc9d0) of type: BasicImage
30/03/2016 11:45:32 (Std) 	[ImageManager] Created image: 'TaharezLook/ButtonLeftHighlight' (0xcccbe0) of type: BasicImage
30/03/2016 11:45:32 (Std) 	[ImageManager] Created image: 'TaharezLook/ButtonMiddleHighlight' (0x105b5e0) of type: BasicImage
30/03/2016 11:45:32 (Std) 	[ImageManager] Created image: 'TaharezLook/ButtonRightHighlight' (0x1068fd0) of type: BasicImage
30/03/2016 11:45:32 (Std) 	[ImageManager] Created image: 'TaharezLook/CheckboxNormal' (0x1056660) of type: BasicImage
30/03/2016 11:45:32 (Std) 	[ImageManager] Created image: 'TaharezLook/CheckboxHover' (0x1056870) of type: BasicImage
30/03/2016 11:45:32 (Std) 	[ImageManager] Created image: 'TaharezLook/CheckboxMark' (0x105adf0) of type: BasicImage
30/03/2016 11:45:32 (Std) 	[ImageManager] Created image: 'TaharezLook/RadioButtonNormal' (0x10560f0) of type: BasicImage
30/03/2016 11:45:32 (Std) 	[ImageManager] Created image: 'TaharezLook/RadioButtonHover' (0x1056300) of type: BasicImage
30/03/2016 11:45:32 (Std) 	[ImageManager] Created image: 'TaharezLook/RadioButtonMark' (0xcb7020) of type: BasicImage
30/03/2016 11:45:32 (Std) 	[ImageManager] Created image: 'TaharezLook/TitlebarLeft' (0x10b30b0) of type: BasicImage
30/03/2016 11:45:32 (Std) 	[ImageManager] Created image: 'TaharezLook/TitlebarMiddle' (0x10b32c0) of type: BasicImage
30/03/2016 11:45:32 (Std) 	[ImageManager] Created image: 'TaharezLook/TitlebarRight' (0x10b34d0) of type: BasicImage
30/03/2016 11:45:32 (Std) 	[ImageManager] Created image: 'TaharezLook/NewTitlebarLeft' (0x10b36e0) of type: BasicImage
30/03/2016 11:45:32 (Std) 	[ImageManager] Created image: 'TaharezLook/NewTitlebarMiddle' (0x10b38f0) of type: BasicImage
30/03/2016 11:45:32 (Std) 	[ImageManager] Created image: 'TaharezLook/NewTitlebarRight' (0x10b3b00) of type: BasicImage
30/03/2016 11:45:32 (Std) 	[ImageManager] Created image: 'TaharezLook/SysAreaMiddle' (0x10b3d10) of type: BasicImage
30/03/2016 11:45:32 (Std) 	[ImageManager] Created image: 'TaharezLook/SysAreaRight' (0x10b3f20) of type: BasicImage
30/03/2016 11:45:32 (Std) 	[ImageManager] Created image: 'TaharezLook/StaticLeft' (0x10b4130) of type: BasicImage
30/03/2016 11:45:32 (Std) 	[ImageManager] Created image: 'TaharezLook/StaticRight' (0x10b4340) of type: BasicImage
30/03/2016 11:45:32 (Std) 	[ImageManager] Created image: 'TaharezLook/StaticTop' (0x10b4550) of type: BasicImage
30/03/2016 11:45:32 (Std) 	[ImageManager] Created image: 'TaharezLook/StaticBottom' (0x10b4760) of type: BasicImage
30/03/2016 11:45:32 (Std) 	[ImageManager] Created image: 'TaharezLook/StaticTopLeft' (0x10b4970) of type: BasicImage
30/03/2016 11:45:32 (Std) 	[ImageManager] Created image: 'TaharezLook/StaticTopRight' (0x10b4b80) of type: BasicImage
30/03/2016 11:45:32 (Std) 	[ImageManager] Created image: 'TaharezLook/StaticBottomLeft' (0x10b4d90) of type: BasicImage
30/03/2016 11:45:32 (Std) 	[ImageManager] Created image: 'TaharezLook/StaticBottomRight' (0x10b4fa0) of type: BasicImage
30/03/2016 11:45:32 (Std) 	[ImageManager] Created image: 'TaharezLook/StaticBackdrop' (0x10b51b0) of type: BasicImage
30/03/2016 11:45:32 (Std) 	[ImageManager] Created image: 'TaharezLook/ProgressBarLeft' (0x10b53c0) of type: BasicImage
30/03/2016 11:45:32 (Std) 	[ImageManager] Created image: 'TaharezLook/ProgressBarMiddle' (0x10b55d0) of type: BasicImage
30/03/2016 11:45:32 (Std) 	[ImageManager] Created image: 'TaharezLook/ProgressBarRight' (0x10b57e0) of type: BasicImage
30/03/2016 11:45:32 (Std) 	[ImageManager] Created image: 'TaharezLook/ProgressBarDimSegment' (0x10b59f0) of type: BasicImage
30/03/2016 11:45:32 (Std) 	[ImageManager] Created image: 'TaharezLook/ProgressBarLitSegment' (0x10b5c90) of type: BasicImage
30/03/2016 11:45:32 (Std) 	[ImageManager] Created image: 'TaharezLook/EditBoxLeft' (0x10b5fc0) of type: BasicImage
30/03/2016 11:45:32 (Std) 	[ImageManager] Created image: 'TaharezLook/EditBoxMiddle' (0x10b61d0) of type: BasicImage
30/03/2016 11:45:32 (Std) 	[ImageManager] Created image: 'TaharezLook/EditBoxRight' (0x10b63e0) of type: BasicImage
30/03/2016 11:45:32 (Std) 	[ImageManager] Created image: 'TaharezLook/EditBoxCaret' (0x10b65f0) of type: BasicImage
30/03/2016 11:45:32 (Std) 	[ImageManager] Created image: 'TaharezLook/SpinnerUpNormal' (0x10b6800) of type: BasicImage
30/03/2016 11:45:32 (Std) 	[ImageManager] Created image: 'TaharezLook/SpinnerDownNormal' (0x10b6a10) of type: BasicImage
30/03/2016 11:45:32 (Std) 	[ImageManager] Created image: 'TaharezLook/SpinnerUpHover' (0x10b6c20) of type: BasicImage
30/03/2016 11:45:32 (Std) 	[ImageManager] Created image: 'TaharezLook/SpinnerDownHover' (0x10b6e30) of type: BasicImage
30/03/2016 11:45:32 (Std) 	[ImageManager] Created image: 'TaharezLook/TextSelectionBrush' (0x10b7040) of type: BasicImage
30/03/2016 11:45:32 (Std) 	[ImageManager] Created image: 'TaharezLook/VertScrollTop' (0x10b7250) of type: BasicImage
30/03/2016 11:45:32 (Std) 	[ImageManager] Created image: 'TaharezLook/VertScrollMiddle' (0x10b7460) of type: BasicImage
30/03/2016 11:45:32 (Std) 	[ImageManager] Created image: 'TaharezLook/VertScrollBottom' (0x10cd1d0) of type: BasicImage
30/03/2016 11:45:32 (Std) 	[ImageManager] Created image: 'TaharezLook/VertScrollBarSegment' (0x10cd3e0) of type: BasicImage
30/03/2016 11:45:32 (Std) 	[ImageManager] Created image: 'TaharezLook/VertScrollThumbNormal' (0x10cd710) of type: BasicImage
30/03/2016 11:45:32 (Std) 	[ImageManager] Created image: 'TaharezLook/VertScrollThumbHover' (0x10cda40) of type: BasicImage
30/03/2016 11:45:32 (Std) 	[ImageManager] Created image: 'TaharezLook/VertScrollUpNormal' (0x10cdd70) of type: BasicImage
30/03/2016 11:45:32 (Std) 	[ImageManager] Created image: 'TaharezLook/VertScrollDownNormal' (0x10cdf80) of type: BasicImage
30/03/2016 11:45:32 (Std) 	[ImageManager] Created image: 'TaharezLook/VertScrollUpHover' (0x10ce2b0) of type: BasicImage
30/03/2016 11:45:32 (Std) 	[ImageManager] Created image: 'TaharezLook/VertScrollDownHover' (0x10ce4c0) of type: BasicImage
30/03/2016 11:45:32 (Std) 	[ImageManager] Created image: 'TaharezLook/MiniVertScrollBarSegment' (0x10ce6d0) of type: BasicImage
30/03/2016 11:45:32 (Std) 	[ImageManager] Created image: 'TaharezLook/MiniVertScrollThumbNormal' (0x10ceac0) of type: BasicImage
30/03/2016 11:45:32 (Std) 	[ImageManager] Created image: 'TaharezLook/MiniVertScrollThumbTopNormal' (0x10ceeb0) of type: BasicImage
30/03/2016 11:45:32 (Std) 	[ImageManager] Created image: 'TaharezLook/MiniVertScrollThumbMiddleNormal' (0x10cf2d0) of type: BasicImage
30/03/2016 11:45:32 (Std) 	[ImageManager] Created image: 'TaharezLook/MiniVertScrollThumbBottomNormal' (0x10cf720) of type: BasicImage
30/03/2016 11:45:32 (Std) 	[ImageManager] Created image: 'TaharezLook/MiniVertScrollThumbTopHover' (0x10cfab0) of type: BasicImage
30/03/2016 11:45:32 (Std) 	[ImageManager] Created image: 'TaharezLook/MiniVertScrollThumbMiddleHover' (0x10cfe20) of type: BasicImage
30/03/2016 11:45:32 (Std) 	[ImageManager] Created image: 'TaharezLook/MiniVertScrollThumbBottomHover' (0x10d01b0) of type: BasicImage
30/03/2016 11:45:32 (Std) 	[ImageManager] Created image: 'TaharezLook/MiniVertScrollThumbHover' (0x10d0540) of type: BasicImage
30/03/2016 11:45:32 (Std) 	[ImageManager] Created image: 'TaharezLook/MiniVertScrollUpNormal' (0x10d0930) of type: BasicImage
30/03/2016 11:45:32 (Std) 	[ImageManager] Created image: 'TaharezLook/MiniVertScrollDownNormal' (0x10d0c80) of type: BasicImage
30/03/2016 11:45:32 (Std) 	[ImageManager] Created image: 'TaharezLook/MiniVertScrollUpHover' (0x10d0fd0) of type: BasicImage
30/03/2016 11:45:32 (Std) 	[ImageManager] Created image: 'TaharezLook/MiniVertScrollDownHover' (0x10d1300) of type: BasicImage
30/03/2016 11:45:32 (Std) 	[ImageManager] Created image: 'TaharezLook/VertSliderBody' (0x10d1650) of type: BasicImage
30/03/2016 11:45:32 (Std) 	[ImageManager] Created image: 'TaharezLook/VertSliderThumbNormal' (0x10d1860) of type: BasicImage
30/03/2016 11:45:32 (Std) 	[ImageManager] Created image: 'TaharezLook/VertSliderThumbHover' (0x10d1b90) of type: BasicImage
30/03/2016 11:45:32 (Std) 	[ImageManager] Created image: 'TaharezLook/MiniHorzScrollBarSegment' (0x10d1ec0) of type: BasicImage
30/03/2016 11:45:32 (Std) 	[ImageManager] Created image: 'TaharezLook/MiniHorzScrollThumbNormal' (0x10d2210) of type: BasicImage
30/03/2016 11:45:32 (Std) 	[ImageManager] Created image: 'TaharezLook/MiniHorzScrollThumbLeftNormal' (0x10d2560) of type: BasicImage
30/03/2016 11:45:32 (Std) 	[ImageManager] Created image: 'TaharezLook/MiniHorzScrollThumbMiddleNormal' (0x10d28d0) of type: BasicImage
30/03/2016 11:45:32 (Std) 	[ImageManager] Created image: 'TaharezLook/MiniHorzScrollThumbRightNormal' (0x10d2c60) of type: BasicImage
30/03/2016 11:45:32 (Std) 	[ImageManager] Created image: 'TaharezLook/MiniHorzScrollThumbHover' (0x10d2ff0) of type: BasicImage
30/03/2016 11:45:32 (Std) 	[ImageManager] Created image: 'TaharezLook/MiniHorzScrollThumbLeftHover' (0x10d3340) of type: BasicImage
30/03/2016 11:45:32 (Std) 	[ImageManager] Created image: 'TaharezLook/MiniHorzScrollThumbMiddleHover' (0x10d36b0) of type: BasicImage
30/03/2016 11:45:32 (Std) 	[ImageManager] Created image: 'TaharezLook/MiniHorzScrollThumbRightHover' (0x10a59b0) of type: BasicImage
30/03/2016 11:45:32 (Std) 	[ImageManager] Created image: 'TaharezLook/MiniHorzScrollLeftNormal' (0x10a5d20) of type: BasicImage
30/03/2016 11:45:32 (Std) 	[ImageManager] Created image: 'TaharezLook/MiniHorzScrollRightNormal' (0x10a6070) of type: BasicImage
30/03/2016 11:45:32 (Std) 	[ImageManager] Created image: 'TaharezLook/MiniHorzScrollLeftHover' (0x10a63c0) of type: BasicImage
30/03/2016 11:45:32 (Std) 	[ImageManager] Created image: 'TaharezLook/MiniHorzScrollRightHover' (0x10a6710) of type: BasicImage
30/03/2016 11:45:32 (Std) 	[ImageManager] Created image: 'TaharezLook/ListboxLeft' (0x10a6a60) of type: BasicImage
30/03/2016 11:45:32 (Std) 	[ImageManager] Created image: 'TaharezLook/ListboxRight' (0x10a6c70) of type: BasicImage
30/03/2016 11:45:32 (Std) 	[ImageManager] Created image: 'TaharezLook/ListboxTop' (0x10a6e80) of type: BasicImage
30/03/2016 11:45:32 (Std) 	[ImageManager] Created image: 'TaharezLook/ListboxBottom' (0x10a7090) of type: BasicImage
30/03/2016 11:45:32 (Std) 	[ImageManager] Created image: 'TaharezLook/ListboxTopLeft' (0x10a72a0) of type: BasicImage
30/03/2016 11:45:32 (Std) 	[ImageManager] Created image: 'TaharezLook/ListboxTopRight' (0x10a74b0) of type: BasicImage
30/03/2016 11:45:32 (Std) 	[ImageManager] Created image: 'TaharezLook/ListboxBottomLeft' (0x10a76c0) of type: BasicImage
30/03/2016 11:45:32 (Std) 	[ImageManager] Created image: 'TaharezLook/ListboxBottomRight' (0x10a78d0) of type: BasicImage
30/03/2016 11:45:32 (Std) 	[ImageManager] Created image: 'TaharezLook/ListboxBackdrop' (0x10a7ae0) of type: BasicImage
30/03/2016 11:45:32 (Std) 	[ImageManager] Created image: 'TaharezLook/ListboxSelectionBrush' (0x10a7cf0) of type: BasicImage
30/03/2016 11:45:32 (Std) 	[ImageManager] Created image: 'TaharezLook/ComboboxEditLeft' (0x10a8020) of type: BasicImage
30/03/2016 11:45:32 (Std) 	[ImageManager] Created image: 'TaharezLook/ComboboxEditMiddle' (0x10a8230) of type: BasicImage
30/03/2016 11:45:32 (Std) 	[ImageManager] Created image: 'TaharezLook/ComboboxListButtonNormal' (0x10a8440) of type: BasicImage
30/03/2016 11:45:32 (Std) 	[ImageManager] Created image: 'TaharezLook/ComboboxListButtonHover' (0x10a8790) of type: BasicImage
30/03/2016 11:45:32 (Std) 	[ImageManager] Created image: 'TaharezLook/ComboboxListLeft' (0x10a8ae0) of type: BasicImage
30/03/2016 11:45:32 (Std) 	[ImageManager] Created image: 'TaharezLook/ComboboxListRight' (0x10a8cf0) of type: BasicImage
30/03/2016 11:45:32 (Std) 	[ImageManager] Created image: 'TaharezLook/ComboboxListTop' (0x10a8f00) of type: BasicImage
30/03/2016 11:45:32 (Std) 	[ImageManager] Created image: 'TaharezLook/ComboboxListBottom' (0x10a9110) of type: BasicImage
30/03/2016 11:45:32 (Std) 	[ImageManager] Created image: 'TaharezLook/ComboboxListTopLeft' (0x10a9320) of type: BasicImage
30/03/2016 11:45:32 (Std) 	[ImageManager] Created image: 'TaharezLook/ComboboxListTopRight' (0x10a9530) of type: BasicImage
30/03/2016 11:45:32 (Std) 	[ImageManager] Created image: 'TaharezLook/ComboboxListBottomLeft' (0x10a9860) of type: BasicImage
30/03/2016 11:45:32 (Std) 	[ImageManager] Created image: 'TaharezLook/ComboboxListBottomRight' (0x10a9bb0) of type: BasicImage
30/03/2016 11:45:32 (Std) 	[ImageManager] Created image: 'TaharezLook/ComboboxListBackdrop' (0x10a9f00) of type: BasicImage
30/03/2016 11:45:32 (Std) 	[ImageManager] Created image: 'TaharezLook/ComboboxSelectionBrush' (0x10aa230) of type: BasicImage
30/03/2016 11:45:32 (Std) 	[ImageManager] Created image: 'TaharezLook/ComboboxDividerLeft' (0x10aa580) of type: BasicImage
30/03/2016 11:45:32 (Std) 	[ImageManager] Created image: 'TaharezLook/ComboboxDividerMiddle' (0x10aa790) of type: BasicImage
30/03/2016 11:45:32 (Std) 	[ImageManager] Created image: 'TaharezLook/ComboboxDividerRight' (0x10aaac0) of type: BasicImage
30/03/2016 11:45:32 (Std) 	[ImageManager] Created image: 'TaharezLook/HeaderBarBackdropNormal' (0x10aadf0) of type: BasicImage
30/03/2016 11:45:32 (Std) 	[ImageManager] Created image: 'TaharezLook/HeaderBarBackdropHover' (0x10ab140) of type: BasicImage
30/03/2016 11:45:32 (Std) 	[ImageManager] Created image: 'TaharezLook/HeaderBarSplitterNormal' (0x10ab490) of type: BasicImage
30/03/2016 11:45:32 (Std) 	[ImageManager] Created image: 'TaharezLook/HeaderBarSplitterHover' (0x10ab7e0) of type: BasicImage
30/03/2016 11:45:32 (Std) 	[ImageManager] Created image: 'TaharezLook/HeaderBarSortUp' (0x10abb30) of type: BasicImage
30/03/2016 11:45:32 (Std) 	[ImageManager] Created image: 'TaharezLook/HeaderBarSortDown' (0x10abd40) of type: BasicImage
30/03/2016 11:45:32 (Std) 	[ImageManager] Created image: 'TaharezLook/MultiListLeft' (0x10abf50) of type: BasicImage
30/03/2016 11:45:32 (Std) 	[ImageManager] Created image: 'TaharezLook/MultiListRight' (0x10ac160) of type: BasicImage
30/03/2016 11:45:32 (Std) 	[ImageManager] Created image: 'TaharezLook/MultiListTop' (0x10ac370) of type: BasicImage
30/03/2016 11:45:32 (Std) 	[ImageManager] Created image: 'TaharezLook/MultiListBottom' (0x10ac580) of type: BasicImage
30/03/2016 11:45:32 (Std) 	[ImageManager] Created image: 'TaharezLook/MultiListTopLeft' (0x10ac790) of type: BasicImage
30/03/2016 11:45:32 (Std) 	[ImageManager] Created image: 'TaharezLook/MultiListTopRight' (0x10ac9a0) of type: BasicImage
30/03/2016 11:45:32 (Std) 	[ImageManager] Created image: 'TaharezLook/MultiListBottomLeft' (0x10acbb0) of type: BasicImage
30/03/2016 11:45:32 (Std) 	[ImageManager] Created image: 'TaharezLook/MultiListBottomRight' (0x10acdc0) of type: BasicImage
30/03/2016 11:45:32 (Std) 	[ImageManager] Created image: 'TaharezLook/MultiListBackdrop' (0x10ad0f0) of type: BasicImage
30/03/2016 11:45:32 (Std) 	[ImageManager] Created image: 'TaharezLook/MultiListSelectionBrush' (0x10ad300) of type: BasicImage
30/03/2016 11:45:32 (Std) 	[ImageManager] Created image: 'TaharezLook/AltProgressLeft' (0x10ad650) of type: BasicImage
30/03/2016 11:45:32 (Std) 	[ImageManager] Created image: 'TaharezLook/AltProgressMiddle' (0x10ad860) of type: BasicImage
30/03/2016 11:45:32 (Std) 	[ImageManager] Created image: 'TaharezLook/AltProgressRight' (0x1153b00) of type: BasicImage
30/03/2016 11:45:32 (Std) 	[ImageManager] Created image: 'TaharezLook/AltProgressQuarter' (0x1153d10) of type: BasicImage
30/03/2016 11:45:32 (Std) 	[ImageManager] Created image: 'TaharezLook/AltProgressHalf' (0x1153f20) of type: BasicImage
30/03/2016 11:45:32 (Std) 	[ImageManager] Created image: 'TaharezLook/AltProgressLight1' (0x1154130) of type: BasicImage
30/03/2016 11:45:32 (Std) 	[ImageManager] Created image: 'TaharezLook/AltProgressLight2' (0x1154340) of type: BasicImage
30/03/2016 11:45:32 (Std) 	[ImageManager] Created image: 'TaharezLook/AltProgressLight3' (0x1154550) of type: BasicImage
30/03/2016 11:45:32 (Std) 	[ImageManager] Created image: 'TaharezLook/AltProgressLight4' (0x1154760) of type: BasicImage
30/03/2016 11:45:32 (Std) 	[ImageManager] Created image: 'TaharezLook/AltProgressLight5' (0x1154970) of type: BasicImage
30/03/2016 11:45:32 (Std) 	[ImageManager] Created image: 'TaharezLook/AltProgressLight6' (0x1154b80) of type: BasicImage
30/03/2016 11:45:32 (Std) 	[ImageManager] Created image: 'TaharezLook/AltProgressLight7' (0x1154d90) of type: BasicImage
30/03/2016 11:45:32 (Std) 	[ImageManager] Created image: 'TaharezLook/AltProgressLight8' (0x1154fa0) of type: BasicImage
30/03/2016 11:45:32 (Std) 	[ImageManager] Created image: 'TaharezLook/AltProgressLight9' (0x11551b0) of type: BasicImage
30/03/2016 11:45:32 (Std) 	[ImageManager] Created image: 'TaharezLook/AltProgressLight10' (0x11553c0) of type: BasicImage
30/03/2016 11:45:32 (Std) 	[ImageManager] Created image: 'TaharezLook/CloseButtonNormal' (0x11555d0) of type: BasicImage
30/03/2016 11:45:32 (Std) 	[ImageManager] Created image: 'TaharezLook/CloseButtonHover' (0x11557e0) of type: BasicImage
30/03/2016 11:45:32 (Std) 	[ImageManager] Created image: 'TaharezLook/CloseButtonPressed' (0x11559f0) of type: BasicImage
30/03/2016 11:45:32 (Std) 	[ImageManager] Created image: 'TaharezLook/NewCloseButtonNormal' (0x1155c00) of type: BasicImage
30/03/2016 11:45:32 (Std) 	[ImageManager] Created image: 'TaharezLook/NewCloseButtonHover' (0x1155e10) of type: BasicImage
30/03/2016 11:45:32 (Std) 	[ImageManager] Created image: 'TaharezLook/NewCloseButtonPressed' (0x1156020) of type: BasicImage
30/03/2016 11:45:32 (Std) 	[ImageManager] Created image: 'TaharezLook/MultiLineEditboxLeft' (0x1156230) of type: BasicImage
30/03/2016 11:45:32 (Std) 	[ImageManager] Created image: 'TaharezLook/MultiLineEditboxRight' (0x1156440) of type: BasicImage
30/03/2016 11:45:32 (Std) 	[ImageManager] Created image: 'TaharezLook/MultiLineEditboxTop' (0x1156650) of type: BasicImage
30/03/2016 11:45:32 (Std) 	[ImageManager] Created image: 'TaharezLook/MultiLineEditboxBottom' (0x1156860) of type: BasicImage
30/03/2016 11:45:32 (Std) 	[ImageManager] Created image: 'TaharezLook/MultiLineEditboxTopLeft' (0x1156a70) of type: BasicImage
30/03/2016 11:45:32 (Std) 	[ImageManager] Created image: 'TaharezLook/MultiLineEditboxTopRight' (0x1156d20) of type: BasicImage
30/03/2016 11:45:32 (Std) 	[ImageManager] Created image: 'TaharezLook/MultiLineEditboxBottomLeft' (0x1157070) of type: BasicImage
30/03/2016 11:45:32 (Std) 	[ImageManager] Created image: 'TaharezLook/MultiLineEditboxBottomRight' (0x1157490) of type: BasicImage
30/03/2016 11:45:32 (Std) 	[ImageManager] Created image: 'TaharezLook/MultiLineEditboxBackdrop' (0x1157800) of type: BasicImage
30/03/2016 11:45:32 (Std) 	[ImageManager] Created image: 'TaharezLook/MultiLineEditboxSelectionBrush' (0x1157c40) of type: BasicImage
30/03/2016 11:45:32 (Std) 	[ImageManager] Created image: 'TaharezLook/MouseTarget' (0x1158610) of type: BasicImage
30/03/2016 11:45:32 (Std) 	[ImageManager] Created image: 'TaharezLook/MouseArrow' (0x1157fd0) of type: BasicImage
30/03/2016 11:45:32 (Std) 	[ImageManager] Created image: 'TaharezLook/MouseMoveCursor' (0x1158b40) of type: BasicImage
30/03/2016 11:45:32 (Std) 	[ImageManager] Created image: 'TaharezLook/MouseNoSoCursor' (0x1158c60) of type: BasicImage
30/03/2016 11:45:32 (Std) 	[ImageManager] Created image: 'TaharezLook/MouseEsWeCursor' (0x1158e70) of type: BasicImage
30/03/2016 11:45:32 (Std) 	[ImageManager] Created image: 'TaharezLook/MouseNeSwCursor' (0x1159080) of type: BasicImage
30/03/2016 11:45:32 (Std) 	[ImageManager] Created image: 'TaharezLook/MouseNwSeCursor' (0x1159290) of type: BasicImage
30/03/2016 11:45:32 (Std) 	[ImageManager] Created image: 'TaharezLook/MouseTextBar' (0x11594a0) of type: BasicImage
30/03/2016 11:45:32 (Std) 	[ImageManager] Created image: 'TaharezLook/TabHorizontalFiller' (0x11581e0) of type: BasicImage
30/03/2016 11:45:32 (Std) 	[ImageManager] Created image: 'TaharezLook/TabContentPaneUpperLeft' (0x1158820) of type: BasicImage
30/03/2016 11:45:32 (Std) 	[ImageManager] Created image: 'TaharezLook/TabContentPaneUpper' (0x11589e0) of type: BasicImage
30/03/2016 11:45:32 (Std) 	[ImageManager] Created image: 'TaharezLook/TabContentPaneUpperRight' (0x11597a0) of type: BasicImage
30/03/2016 11:45:32 (Std) 	[ImageManager] Created image: 'TaharezLook/TabContentPaneLeft' (0x1159a50) of type: BasicImage
30/03/2016 11:45:32 (Std) 	[ImageManager] Created image: 'TaharezLook/TabContentPaneRight' (0x1159c60) of type: BasicImage
30/03/2016 11:45:32 (Std) 	[ImageManager] Created image: 'TaharezLook/TabContentPaneLower' (0x1159e70) of type: BasicImage
30/03/2016 11:45:32 (Std) 	[ImageManager] Created image: 'TaharezLook/TabContentPaneLowerLeft' (0x115a080) of type: BasicImage
30/03/2016 11:45:32 (Std) 	[ImageManager] Created image: 'TaharezLook/TabContentPaneLowerRight' (0x115a3d0) of type: BasicImage
30/03/2016 11:45:32 (Std) 	[ImageManager] Created image: 'TaharezLook/TabContentPaneMiddle' (0x115a720) of type: BasicImage
30/03/2016 11:45:32 (Std) 	[ImageManager] Created image: 'TaharezLook/TabButtonScrollLeftNormal' (0x115aac0) of type: BasicImage
30/03/2016 11:45:32 (Std) 	[ImageManager] Created image: 'TaharezLook/TabButtonScrollRightNormal' (0x115afa0) of type: BasicImage
30/03/2016 11:45:32 (Std) 	[ImageManager] Created image: 'TaharezLook/TabButtonScrollLeftHover' (0xcbf860) of type: BasicImage
30/03/2016 11:45:32 (Std) 	[ImageManager] Created image: 'TaharezLook/TabButtonScrollRightHover' (0x115b550) of type: BasicImage
30/03/2016 11:45:32 (Std) 	[ImageManager] Created image: 'TaharezLook/TabButtonLeftNormal' (0x115b8a0) of type: BasicImage
30/03/2016 11:45:32 (Std) 	[ImageManager] Created image: 'TaharezLook/TabButtonRightNormal' (0x115bab0) of type: BasicImage
30/03/2016 11:45:32 (Std) 	[ImageManager] Created image: 'TaharezLook/TabButtonUpperNormal' (0x115bcc0) of type: BasicImage
30/03/2016 11:45:32 (Std) 	[ImageManager] Created image: 'TaharezLook/TabButtonLowerNormal' (0x115bff0) of type: BasicImage
30/03/2016 11:45:32 (Std) 	[ImageManager] Created image: 'TaharezLook/TabButtonUpperLeftNormal' (0x115c4b0) of type: BasicImage
30/03/2016 11:45:32 (Std) 	[ImageManager] Created image: 'TaharezLook/TabButtonUpperLeft2Normal' (0x115c8a0) of type: BasicImage
30/03/2016 11:45:32 (Std) 	[ImageManager] Created image: 'TaharezLook/TabButtonUpperRightNormal' (0x115cbf0) of type: BasicImage
30/03/2016 11:45:32 (Std) 	[ImageManager] Created image: 'TaharezLook/TabButtonLowerLeftNormal' (0x115cf40) of type: BasicImage
30/03/2016 11:45:32 (Std) 	[ImageManager] Created image: 'TaharezLook/TabButtonLowerRightNormal' (0x115d290) of type: BasicImage
30/03/2016 11:45:32 (Std) 	[ImageManager] Created image: 'TaharezLook/TabButtonLowerRight2Normal' (0x115d770) of type: BasicImage
30/03/2016 11:45:32 (Std) 	[ImageManager] Created image: 'TaharezLook/TabButtonMiddleNormal' (0xb2e3b0) of type: BasicImage
30/03/2016 11:45:32 (Std) 	[ImageManager] Created image: 'TaharezLook/TabButtonLeftSelected' (0x115dc80) of type: BasicImage
30/03/2016 11:45:32 (Std) 	[ImageManager] Created image: 'TaharezLook/TabButtonRightSelected' (0x115e020) of type: BasicImage
30/03/2016 11:45:32 (Std) 	[ImageManager] Created image: 'TaharezLook/TabButtonUpperSelected' (0x115e370) of type: BasicImage
30/03/2016 11:45:32 (Std) 	[ImageManager] Created image: 'TaharezLook/TabButtonLowerSelected' (0x115e6c0) of type: BasicImage
30/03/2016 11:45:32 (Std) 	[ImageManager] Created image: 'TaharezLook/TabButtonUpperLeftSelected' (0x115eba0) of type: BasicImage
30/03/2016 11:45:32 (Std) 	[ImageManager] Created image: 'TaharezLook/TabButtonUpperRightSelected' (0x115efc0) of type: BasicImage
30/03/2016 11:45:32 (Std) 	[ImageManager] Created image: 'TaharezLook/TabButtonLowerLeftSelected' (0x115f330) of type: BasicImage
30/03/2016 11:45:32 (Std) 	[ImageManager] Created image: 'TaharezLook/TabButtonLowerRightSelected' (0x115f6a0) of type: BasicImage
30/03/2016 11:45:32 (Std) 	[ImageManager] Created image: 'TaharezLook/TabButtonMiddleSelected' (0x115fa10) of type: BasicImage
30/03/2016 11:45:32 (Std) 	[ImageManager] Created image: 'TaharezLook/TooltipTopLeft' (0x115fc20) of type: BasicImage
30/03/2016 11:45:32 (Std) 	[ImageManager] Created image: 'TaharezLook/TooltipTopRight' (0x115fe30) of type: BasicImage
30/03/2016 11:45:32 (Std) 	[ImageManager] Created image: 'TaharezLook/TooltipBottomLeft' (0x1160040) of type: BasicImage
30/03/2016 11:45:32 (Std) 	[ImageManager] Created image: 'TaharezLook/TooltipBottomRight' (0x1160250) of type: BasicImage
30/03/2016 11:45:32 (Std) 	[ImageManager] Created image: 'TaharezLook/TooltipLeftEdge' (0x1160460) of type: BasicImage
30/03/2016 11:45:32 (Std) 	[ImageManager] Created image: 'TaharezLook/TooltipRightEdge' (0x1160670) of type: BasicImage
30/03/2016 11:45:32 (Std) 	[ImageManager] Created image: 'TaharezLook/TooltipTopEdge' (0x1160880) of type: BasicImage
30/03/2016 11:45:32 (Std) 	[ImageManager] Created image: 'TaharezLook/TooltipBottomEdge' (0x1160a90) of type: BasicImage
30/03/2016 11:45:32 (Std) 	[ImageManager] Created image: 'TaharezLook/TooltipMiddle' (0x1160ca0) of type: BasicImage
30/03/2016 11:45:32 (Std) 	[ImageManager] Created image: 'TaharezLook/MenuTopLeft' (0x1160eb0) of type: BasicImage
30/03/2016 11:45:32 (Std) 	[ImageManager] Created image: 'TaharezLook/MenuTopRight' (0x11610c0) of type: BasicImage
30/03/2016 11:45:32 (Std) 	[ImageManager] Created image: 'TaharezLook/MenuBottomLeft' (0x11612d0) of type: BasicImage
30/03/2016 11:45:32 (Std) 	[ImageManager] Created image: 'TaharezLook/MenuBottomRight' (0x11614e0) of type: BasicImage
30/03/2016 11:45:32 (Std) 	[ImageManager] Created image: 'TaharezLook/MenuLeft' (0x11616f0) of type: BasicImage
30/03/2016 11:45:32 (Std) 	[ImageManager] Created image: 'TaharezLook/MenuRight' (0x1161900) of type: BasicImage
30/03/2016 11:45:32 (Std) 	[ImageManager] Created image: 'TaharezLook/MenuTop' (0x1161b10) of type: BasicImage
30/03/2016 11:45:32 (Std) 	[ImageManager] Created image: 'TaharezLook/MenuBottom' (0x1161d20) of type: BasicImage
30/03/2016 11:45:32 (Std) 	[ImageManager] Created image: 'TaharezLook/MenuMiddle' (0x1161f30) of type: BasicImage
30/03/2016 11:45:32 (Std) 	[ImageManager] Created image: 'TaharezLook/PopupMenuFrameTopLeft' (0x1162140) of type: BasicImage
30/03/2016 11:45:32 (Std) 	[ImageManager] Created image: 'TaharezLook/PopupMenuFrameTopRight' (0x1162350) of type: BasicImage
30/03/2016 11:45:32 (Std) 	[ImageManager] Created image: 'TaharezLook/PopupMenuFrameBottomLeft' (0x1162740) of type: BasicImage
30/03/2016 11:45:32 (Std) 	[ImageManager] Created image: 'TaharezLook/PopupMenuFrameBottomRight' (0x1162a90) of type: BasicImage
30/03/2016 11:45:32 (Std) 	[ImageManager] Created image: 'TaharezLook/PopupMenuFrameLeft' (0x1162de0) of type: BasicImage
30/03/2016 11:45:32 (Std) 	[ImageManager] Created image: 'TaharezLook/PopupMenuFrameRight' (0x1162ff0) of type: BasicImage
30/03/2016 11:45:32 (Std) 	[ImageManager] Created image: 'TaharezLook/PopupMenuFrameTop' (0x1163200) of type: BasicImage
30/03/2016 11:45:32 (Std) 	[ImageManager] Created image: 'TaharezLook/PopupMenuFrameBottom' (0x1163410) of type: BasicImage
30/03/2016 11:45:32 (Std) 	[ImageManager] Created image: 'TaharezLook/PopupMenuMiddle' (0x1163620) of type: BasicImage
30/03/2016 11:45:32 (Std) 	[ImageManager] Created image: 'TaharezLook/PopupMenuArrowRight' (0x1163830) of type: BasicImage
30/03/2016 11:45:32 (Std) 	[ImageManager] Created image: 'TaharezLook/PopupMenuArrowLeft' (0x1163a40) of type: BasicImage
30/03/2016 11:45:32 (Std) 	[ImageManager] Created image: 'TaharezLook/TreeListClosed' (0x1163c50) of type: BasicImage
30/03/2016 11:45:32 (Std) 	[ImageManager] Created image: 'TaharezLook/TreeListOpened' (0x1163e60) of type: BasicImage
30/03/2016 11:45:32 (Std) 	===== Falagard 'root' element: look and feel parsing begins =====
30/03/2016 11:45:32 (Std) 	===== Look and feel parsing completed =====
30/03/2016 11:45:32 (Std) 	No window renderer factories specified for module 'CEGUICoreWindowRendererSet' - adding all available factories...
30/03/2016 11:45:32 (Std) 	Created WindowRendererFactory for 'Core/Button' WindowRenderers.
30/03/2016 11:45:32 (Std) 	WindowRendererFactory 'Core/Button' added. (0x1067580)
30/03/2016 11:45:32 (Std) 	Created WindowRendererFactory for 'Core/Default' WindowRenderers.
30/03/2016 11:45:32 (Std) 	WindowRendererFactory 'Core/Default' added. (0x13c8c80)
30/03/2016 11:45:32 (Std) 	Created WindowRendererFactory for 'Core/Editbox' WindowRenderers.
30/03/2016 11:45:32 (Std) 	WindowRendererFactory 'Core/Editbox' added. (0x13c8e20)
30/03/2016 11:45:32 (Std) 	Created WindowRendererFactory for 'Core/FrameWindow' WindowRenderers.
30/03/2016 11:45:32 (Std) 	WindowRendererFactory 'Core/FrameWindow' added. (0x13ef670)
30/03/2016 11:45:32 (Std) 	Created WindowRendererFactory for 'Core/ItemEntry' WindowRenderers.
30/03/2016 11:45:32 (Std) 	WindowRendererFactory 'Core/ItemEntry' added. (0x105a360)
30/03/2016 11:45:32 (Std) 	Created WindowRendererFactory for 'Core/ListHeader' WindowRenderers.
30/03/2016 11:45:32 (Std) 	WindowRendererFactory 'Core/ListHeader' added. (0x105a500)
30/03/2016 11:45:32 (Std) 	Created WindowRendererFactory for 'Core/ListHeaderSegment' WindowRenderers.
30/03/2016 11:45:32 (Std) 	WindowRendererFactory 'Core/ListHeaderSegment' added. (0x1333380)
30/03/2016 11:45:32 (Std) 	Created WindowRendererFactory for 'Core/Listbox' WindowRenderers.
30/03/2016 11:45:32 (Std) 	WindowRendererFactory 'Core/Listbox' added. (0x1333520)
30/03/2016 11:45:32 (Std) 	Created WindowRendererFactory for 'Core/Menubar' WindowRenderers.
30/03/2016 11:45:32 (Std) 	WindowRendererFactory 'Core/Menubar' added. (0x13335e0)
30/03/2016 11:45:32 (Std) 	Created WindowRendererFactory for 'Core/MenuItem' WindowRenderers.
30/03/2016 11:45:32 (Std) 	WindowRendererFactory 'Core/MenuItem' added. (0x10687e0)
30/03/2016 11:45:32 (Std) 	Created WindowRendererFactory for 'Core/MultiColumnList' WindowRenderers.
30/03/2016 11:45:32 (Std) 	WindowRendererFactory 'Core/MultiColumnList' added. (0x1068980)
30/03/2016 11:45:32 (Std) 	Created WindowRendererFactory for 'Core/MultiLineEditbox' WindowRenderers.
30/03/2016 11:45:32 (Std) 	WindowRendererFactory 'Core/MultiLineEditbox' added. (0x11f40a0)
30/03/2016 11:45:32 (Std) 	Created WindowRendererFactory for 'Core/PopupMenu' WindowRenderers.
30/03/2016 11:45:32 (Std) 	WindowRendererFactory 'Core/PopupMenu' added. (0x11f4240)
30/03/2016 11:45:32 (Std) 	Created WindowRendererFactory for 'Core/ProgressBar' WindowRenderers.
30/03/2016 11:45:32 (Std) 	WindowRendererFactory 'Core/ProgressBar' added. (0x13f0e60)
30/03/2016 11:45:32 (Std) 	Created WindowRendererFactory for 'Core/ScrollablePane' WindowRenderers.
30/03/2016 11:45:32 (Std) 	WindowRendererFactory 'Core/ScrollablePane' added. (0x13f1000)
30/03/2016 11:45:32 (Std) 	Created WindowRendererFactory for 'Core/Scrollbar' WindowRenderers.
30/03/2016 11:45:32 (Std) 	WindowRendererFactory 'Core/Scrollbar' added. (0x13f11a0)
30/03/2016 11:45:32 (Std) 	Created WindowRendererFactory for 'Core/Slider' WindowRenderers.
30/03/2016 11:45:32 (Std) 	WindowRendererFactory 'Core/Slider' added. (0x138d4a0)
30/03/2016 11:45:32 (Std) 	Created WindowRendererFactory for 'Core/Static' WindowRenderers.
30/03/2016 11:45:32 (Std) 	WindowRendererFactory 'Core/Static' added. (0x138d750)
30/03/2016 11:45:32 (Std) 	Created WindowRendererFactory for 'Core/StaticImage' WindowRenderers.
30/03/2016 11:45:32 (Std) 	WindowRendererFactory 'Core/StaticImage' added. (0x13e4620)
30/03/2016 11:45:32 (Std) 	Created WindowRendererFactory for 'Core/StaticText' WindowRenderers.
30/03/2016 11:45:32 (Std) 	WindowRendererFactory 'Core/StaticText' added. (0x13e47c0)
30/03/2016 11:45:32 (Std) 	Created WindowRendererFactory for 'Core/TabButton' WindowRenderers.
30/03/2016 11:45:32 (Std) 	WindowRendererFactory 'Core/TabButton' added. (0x13e4960)
30/03/2016 11:45:32 (Std) 	Created WindowRendererFactory for 'Core/TabControl' WindowRenderers.
30/03/2016 11:45:32 (Std) 	WindowRendererFactory 'Core/TabControl' added. (0x13e4b00)
30/03/2016 11:45:32 (Std) 	Created WindowRendererFactory for 'Core/Titlebar' WindowRenderers.
30/03/2016 11:45:32 (Std) 	WindowRendererFactory 'Core/Titlebar' added. (0x13e4ca0)
30/03/2016 11:45:32 (Std) 	Created WindowRendererFactory for 'Core/ToggleButton' WindowRenderers.
30/03/2016 11:45:32 (Std) 	WindowRendererFactory 'Core/ToggleButton' added. (0x13ed8f0)
30/03/2016 11:45:32 (Std) 	Created WindowRendererFactory for 'Core/Tooltip' WindowRenderers.
30/03/2016 11:45:32 (Std) 	WindowRendererFactory 'Core/Tooltip' added. (0x13eda90)
30/03/2016 11:45:32 (Std) 	Created WindowRendererFactory for 'Core/ItemListbox' WindowRenderers.
30/03/2016 11:45:32 (Std) 	WindowRendererFactory 'Core/ItemListbox' added. (0x13edc30)
30/03/2016 11:45:32 (Std) 	Created WindowRendererFactory for 'Core/Tree' WindowRenderers.
30/03/2016 11:45:32 (Std) 	WindowRendererFactory 'Core/Tree' added. (0x13eddd0)
30/03/2016 11:45:32 (Std) 	Creating falagard mapping for type 'TaharezLook/Label' using base type 'DefaultWindow', window renderer 'Core/Default' Look'N'Feel 'TaharezLook/Label' and RenderEffect ''. (0x7ffc4677dca0)
30/03/2016 11:45:32 (Std) 	Creating falagard mapping for type 'TaharezLook/Button' using base type 'CEGUI/PushButton', window renderer 'Core/Button' Look'N'Feel 'TaharezLook/Button' and RenderEffect ''. (0x7ffc4677dca0)
30/03/2016 11:45:32 (Std) 	Creating falagard mapping for type 'TaharezLook/Checkbox' using base type 'CEGUI/ToggleButton', window renderer 'Core/ToggleButton' Look'N'Feel 'TaharezLook/Checkbox' and RenderEffect ''. (0x7ffc4677dca0)
30/03/2016 11:45:32 (Std) 	Creating falagard mapping for type 'TaharezLook/ImageButton' using base type 'CEGUI/PushButton', window renderer 'Core/Button' Look'N'Feel 'TaharezLook/ImageButton' and RenderEffect ''. (0x7ffc4677dca0)
30/03/2016 11:45:32 (Std) 	Creating falagard mapping for type 'TaharezLook/RadioButton' using base type 'CEGUI/RadioButton', window renderer 'Core/ToggleButton' Look'N'Feel 'TaharezLook/RadioButton' and RenderEffect ''. (0x7ffc4677dca0)
30/03/2016 11:45:32 (Std) 	Creating falagard mapping for type 'TaharezLook/FrameWindow' using base type 'CEGUI/FrameWindow', window renderer 'Core/FrameWindow' Look'N'Feel 'TaharezLook/FrameWindow' and RenderEffect ''. (0x7ffc4677dca0)
30/03/2016 11:45:32 (Std) 	Creating falagard mapping for type 'TaharezLook/Titlebar' using base type 'CEGUI/Titlebar', window renderer 'Core/Titlebar' Look'N'Feel 'TaharezLook/Titlebar' and RenderEffect ''. (0x7ffc4677dca0)
30/03/2016 11:45:32 (Std) 	Creating falagard mapping for type 'TaharezLook/Editbox' using base type 'CEGUI/Editbox', window renderer 'Core/Editbox' Look'N'Feel 'TaharezLook/Editbox' and RenderEffect ''. (0x7ffc4677dca0)
30/03/2016 11:45:32 (Std) 	Creating falagard mapping for type 'TaharezLook/MultiLineEditbox' using base type 'CEGUI/MultiLineEditbox', window renderer 'Core/MultiLineEditbox' Look'N'Feel 'TaharezLook/MultiLineEditbox' and RenderEffect ''. (0x7ffc4677dca0)
30/03/2016 11:45:32 (Std) 	Creating falagard mapping for type 'TaharezLook/Menubar' using base type 'CEGUI/Menubar', window renderer 'Core/Menubar' Look'N'Feel 'TaharezLook/Menubar' and RenderEffect ''. (0x7ffc4677dca0)
30/03/2016 11:45:32 (Std) 	Creating falagard mapping for type 'TaharezLook/PopupMenu' using base type 'CEGUI/PopupMenu', window renderer 'Core/PopupMenu' Look'N'Feel 'TaharezLook/PopupMenu' and RenderEffect ''. (0x7ffc4677dca0)
30/03/2016 11:45:32 (Std) 	Creating falagard mapping for type 'TaharezLook/MenuItem' using base type 'CEGUI/MenuItem', window renderer 'Core/MenuItem' Look'N'Feel 'TaharezLook/MenuItem' and RenderEffect ''. (0x7ffc4677dca0)
30/03/2016 11:45:32 (Std) 	Creating falagard mapping for type 'TaharezLook/AlternateProgressBar' using base type 'CEGUI/ProgressBar', window renderer 'Core/ProgressBar' Look'N'Feel 'TaharezLook/AltProgressBar' and RenderEffect ''. (0x7ffc4677dca0)
30/03/2016 11:45:32 (Std) 	Creating falagard mapping for type 'TaharezLook/ProgressBar' using base type 'CEGUI/ProgressBar', window renderer 'Core/ProgressBar' Look'N'Feel 'TaharezLook/ProgressBar' and RenderEffect ''. (0x7ffc4677dca0)
30/03/2016 11:45:32 (Std) 	Creating falagard mapping for type 'TaharezLook/VUMeter' using base type 'CEGUI/ProgressBar', window renderer 'Core/ProgressBar' Look'N'Feel 'TaharezLook/VUMeter' and RenderEffect ''. (0x7ffc4677dca0)
30/03/2016 11:45:32 (Std) 	Creating falagard mapping for type 'TaharezLook/VerticalScrollbar' using base type 'CEGUI/Scrollbar', window renderer 'Core/Scrollbar' Look'N'Feel 'TaharezLook/VerticalScrollbar' and RenderEffect ''. (0x7ffc4677dca0)
30/03/2016 11:45:32 (Std) 	Creating falagard mapping for type 'TaharezLook/HorizontalScrollbar' using base type 'CEGUI/Scrollbar', window renderer 'Core/Scrollbar' Look'N'Feel 'TaharezLook/HorizontalScrollbar' and RenderEffect ''. (0x7ffc4677dca0)
30/03/2016 11:45:32 (Std) 	Creating falagard mapping for type 'TaharezLook/VerticalScrollbarThumb' using base type 'CEGUI/Thumb', window renderer 'Core/Button' Look'N'Feel 'TaharezLook/VerticalScrollbarThumb' and RenderEffect ''. (0x7ffc4677dca0)
30/03/2016 11:45:32 (Std) 	Creating falagard mapping for type 'TaharezLook/HorizontalScrollbarThumb' using base type 'CEGUI/Thumb', window renderer 'Core/Button' Look'N'Feel 'TaharezLook/HorizontalScrollbarThumb' and RenderEffect ''. (0x7ffc4677dca0)
30/03/2016 11:45:32 (Std) 	Creating falagard mapping for type 'TaharezLook/LargeVerticalScrollbar' using base type 'CEGUI/Scrollbar', window renderer 'Core/Scrollbar' Look'N'Feel 'TaharezLook/LargeVerticalScrollbar' and RenderEffect ''. (0x7ffc4677dca0)
30/03/2016 11:45:32 (Std) 	Creating falagard mapping for type 'TaharezLook/LargeVerticalScrollbarThumb' using base type 'CEGUI/Thumb', window renderer 'Core/Button' Look'N'Feel 'TaharezLook/LargeVerticalScrollbarThumb' and RenderEffect ''. (0x7ffc4677dca0)
30/03/2016 11:45:32 (Std) 	Creating falagard mapping for type 'TaharezLook/TabButton' using base type 'CEGUI/TabButton', window renderer 'Core/TabButton' Look'N'Feel 'TaharezLook/TabButton' and RenderEffect ''. (0x7ffc4677dca0)
30/03/2016 11:45:32 (Std) 	Creating falagard mapping for type 'TaharezLook/TabControl' using base type 'CEGUI/TabControl', window renderer 'Core/TabControl' Look'N'Feel 'TaharezLook/TabControl' and RenderEffect ''. (0x7ffc4677dca0)
30/03/2016 11:45:32 (Std) 	Creating falagard mapping for type 'TaharezLook/TabContentPane' using base type 'DefaultWindow', window renderer 'Core/Default' Look'N'Feel 'TaharezLook/TabContentPane' and RenderEffect ''. (0x7ffc4677dca0)
30/03/2016 11:45:32 (Std) 	Creating falagard mapping for type 'TaharezLook/TabButtonPane' using base type 'DefaultWindow', window renderer 'Core/Default' Look'N'Feel 'TaharezLook/TabButtonPane' and RenderEffect ''. (0x7ffc4677dca0)
30/03/2016 11:45:32 (Std) 	Creating falagard mapping for type 'TaharezLook/ComboDropList' using base type 'CEGUI/ComboDropList', window renderer 'Core/Listbox' Look'N'Feel 'TaharezLook/ComboDropList' and RenderEffect ''. (0x7ffc4677dca0)
30/03/2016 11:45:32 (Std) 	Creating falagard mapping for type 'TaharezLook/ComboEditbox' using base type 'CEGUI/Editbox', window renderer 'Core/Editbox' Look'N'Feel 'TaharezLook/ComboEditbox' and RenderEffect ''. (0x7ffc4677dca0)
30/03/2016 11:45:32 (Std) 	Creating falagard mapping for type 'TaharezLook/Combobox' using base type 'CEGUI/Combobox', window renderer 'Core/Default' Look'N'Feel 'TaharezLook/Combobox' and RenderEffect ''. (0x7ffc4677dca0)
30/03/2016 11:45:32 (Std) 	Creating falagard mapping for type 'TaharezLook/Listbox' using base type 'CEGUI/Listbox', window renderer 'Core/Listbox' Look'N'Feel 'TaharezLook/Listbox' and RenderEffect ''. (0x7ffc4677dca0)
30/03/2016 11:45:32 (Std) 	Creating falagard mapping for type 'TaharezLook/ListHeader' using base type 'CEGUI/ListHeader', window renderer 'Core/ListHeader' Look'N'Feel 'TaharezLook/ListHeader' and RenderEffect ''. (0x7ffc4677dca0)
30/03/2016 11:45:32 (Std) 	Creating falagard mapping for type 'TaharezLook/ListHeaderSegment' using base type 'CEGUI/ListHeaderSegment', window renderer 'Core/ListHeaderSegment' Look'N'Feel 'TaharezLook/ListHeaderSegment' and RenderEffect ''. (0x7ffc4677dca0)
30/03/2016 11:45:32 (Std) 	Creating falagard mapping for type 'TaharezLook/MultiColumnList' using base type 'CEGUI/MultiColumnList', window renderer 'Core/MultiColumnList' Look'N'Feel 'TaharezLook/MultiColumnList' and RenderEffect ''. (0x7ffc4677dca0)
30/03/2016 11:45:32 (Std) 	Creating falagard mapping for type 'TaharezLook/Slider' using base type 'CEGUI/Slider', window renderer 'Core/Slider' Look'N'Feel 'TaharezLook/Slider' and RenderEffect ''. (0x7ffc4677dca0)
30/03/2016 11:45:32 (Std) 	Creating falagard mapping for type 'TaharezLook/SliderThumb' using base type 'CEGUI/Thumb', window renderer 'Core/Button' Look'N'Feel 'TaharezLook/SliderThumb' and RenderEffect ''. (0x7ffc4677dca0)
30/03/2016 11:45:32 (Std) 	Creating falagard mapping for type 'TaharezLook/ScrollablePane' using base type 'CEGUI/ScrollablePane', window renderer 'Core/ScrollablePane' Look'N'Feel 'TaharezLook/ScrollablePane' and RenderEffect ''. (0x7ffc4677dca0)
30/03/2016 11:45:32 (Std) 	Creating falagard mapping for type 'TaharezLook/Spinner' using base type 'CEGUI/Spinner', window renderer 'Core/Default' Look'N'Feel 'TaharezLook/Spinner' and RenderEffect ''. (0x7ffc4677dca0)
30/03/2016 11:45:32 (Std) 	Creating falagard mapping for type 'TaharezLook/Tooltip' using base type 'CEGUI/Tooltip', window renderer 'Core/Tooltip' Look'N'Feel 'TaharezLook/Tooltip' and RenderEffect ''. (0x7ffc4677dca0)
30/03/2016 11:45:32 (Std) 	Creating falagard mapping for type 'TaharezLook/StaticImage' using base type 'DefaultWindow', window renderer 'Core/StaticImage' Look'N'Feel 'TaharezLook/StaticImage' and RenderEffect ''. (0x7ffc4677dca0)
30/03/2016 11:45:32 (Std) 	Creating falagard mapping for type 'TaharezLook/StaticText' using base type 'DefaultWindow', window renderer 'Core/StaticText' Look'N'Feel 'TaharezLook/StaticText' and RenderEffect ''. (0x7ffc4677dca0)
30/03/2016 11:45:32 (Std) 	Creating falagard mapping for type 'TaharezLook/ItemListbox' using base type 'CEGUI/ItemListbox', window renderer 'Core/ItemListbox' Look'N'Feel 'TaharezLook/ItemListbox' and RenderEffect ''. (0x7ffc4677dca0)
30/03/2016 11:45:32 (Std) 	Creating falagard mapping for type 'TaharezLook/ListboxItem' using base type 'CEGUI/ItemEntry', window renderer 'Core/ItemEntry' Look'N'Feel 'TaharezLook/ListboxItem' and RenderEffect ''. (0x7ffc4677dca0)
30/03/2016 11:45:32 (Std) 	Creating falagard mapping for type 'TaharezLook/GroupBox' using base type 'DefaultWindow', window renderer 'Core/Default' Look'N'Feel 'TaharezLook/GroupBox' and RenderEffect ''. (0x7ffc4677dca0)
30/03/2016 11:45:32 (Std) 	Creating falagard mapping for type 'TaharezLook/Tree' using base type 'CEGUI/Tree', window renderer 'Core/Tree' Look'N'Feel 'TaharezLook/Tree' and RenderEffect ''. (0x7ffc4677dca0)
30/03/2016 11:45:32 (Std) 	[OgreRenderer] Created texture: DejaVuSans-12_auto_glyph_images_32
30/03/2016 11:45:32 (Std) 	[OgreRenderer] Created texture: DejaVuSans-12_auto_glyph_images_249
