This file contains any messages produced by compilers while
running configure, to aid debugging if configure makes a mistake.

It was created by configure, which was
generated by GNU Autoconf 2.69.  Invocation command line was

  $ ./configure 

## --------- ##
## Platform. ##
## --------- ##

hostname = milky-way
uname -m = x86_64
uname -r = 3.13.0-79-generic
uname -s = Linux
uname -v = #123-Ubuntu SMP Fri Feb 19 14:27:58 UTC 2016

/usr/bin/uname -p = unknown
/bin/uname -X     = unknown

/bin/arch              = unknown
/usr/bin/arch -k       = unknown
/usr/convex/getsysinfo = unknown
/usr/bin/hostinfo      = unknown
/bin/machine           = unknown
/usr/bin/oslevel       = unknown
/bin/universe          = unknown

PATH: /lusr/bin
PATH: /sbin
PATH: /bin
PATH: /usr/sbin
PATH: /usr/bin
PATH: /usr/games
PATH: /usr/bin/mh
PATH: /lusr/share/hosts
PATH: /lusr/bin/tex
PATH: /lusr/games/bin
PATH: /lusr/opt/condor/bin
PATH: .


## ----------- ##
## Core tests. ##
## ----------- ##

configure:2321: checking for a BSD-compatible install
configure:2389: result: /usr/bin/install -c
configure:2400: checking whether build environment is sane
configure:2455: result: yes
configure:2606: checking for a thread-safe mkdir -p
configure:2645: result: /bin/mkdir -p
configure:2652: checking for gawk
configure:2668: found /usr/bin/gawk
configure:2679: result: gawk
configure:2690: checking whether make sets $(MAKE)
configure:2712: result: yes
configure:2741: checking whether make supports nested variables
configure:2758: result: yes
configure:2951: checking for g++
configure:2967: found /usr/bin/g++
configure:2978: result: g++
configure:3005: checking for C++ compiler version
configure:3014: g++ --version >&5
g++ (Ubuntu 4.8.4-2ubuntu1~14.04.1) 4.8.4
Copyright (C) 2013 Free Software Foundation, Inc.
This is free software; see the source for copying conditions.  There is NO
warranty; not even for MERCHANTABILITY or FITNESS FOR A PARTICULAR PURPOSE.

configure:3025: $? = 0
configure:3014: g++ -v >&5
Using built-in specs.
COLLECT_GCC=g++
COLLECT_LTO_WRAPPER=/usr/lib/gcc/x86_64-linux-gnu/4.8/lto-wrapper
Target: x86_64-linux-gnu
Configured with: ../src/configure -v --with-pkgversion='Ubuntu 4.8.4-2ubuntu1~14.04.1' --with-bugurl=file:///usr/share/doc/gcc-4.8/README.Bugs --enable-languages=c,c++,java,go,d,fortran,objc,obj-c++ --prefix=/usr --program-suffix=-4.8 --enable-shared --enable-linker-build-id --libexecdir=/usr/lib --without-included-gettext --enable-threads=posix --with-gxx-include-dir=/usr/include/c++/4.8 --libdir=/usr/lib --enable-nls --with-sysroot=/ --enable-clocale=gnu --enable-libstdcxx-debug --enable-libstdcxx-time=yes --enable-gnu-unique-object --disable-libmudflap --enable-plugin --with-system-zlib --disable-browser-plugin --enable-java-awt=gtk --enable-gtk-cairo --with-java-home=/usr/lib/jvm/java-1.5.0-gcj-4.8-amd64/jre --enable-java-home --with-jvm-root-dir=/usr/lib/jvm/java-1.5.0-gcj-4.8-amd64 --with-jvm-jar-dir=/usr/lib/jvm-exports/java-1.5.0-gcj-4.8-amd64 --with-arch-directory=amd64 --with-ecj-jar=/usr/share/java/eclipse-ecj.jar --enable-objc-gc --enable-multiarch --disable-werror --with-arch-32=i686 --with-abi=m64 --with-multilib-list=m32,m64,mx32 --with-tune=generic --enable-checking=release --build=x86_64-linux-gnu --host=x86_64-linux-gnu --target=x86_64-linux-gnu
Thread model: posix
gcc version 4.8.4 (Ubuntu 4.8.4-2ubuntu1~14.04.1) 
configure:3025: $? = 0
configure:3014: g++ -V >&5
g++: error: unrecognized command line option '-V'
g++: fatal error: no input files
compilation terminated.
configure:3025: $? = 4
configure:3014: g++ -qversion >&5
g++: error: unrecognized command line option '-qversion'
g++: fatal error: no input files
compilation terminated.
configure:3025: $? = 4
configure:3045: checking whether the C++ compiler works
configure:3067: g++    conftest.cpp  >&5
configure:3071: $? = 0
configure:3119: result: yes
configure:3122: checking for C++ compiler default output file name
configure:3124: result: a.out
configure:3130: checking for suffix of executables
configure:3137: g++ -o conftest    conftest.cpp  >&5
configure:3141: $? = 0
configure:3163: result: 
configure:3185: checking whether we are cross compiling
configure:3193: g++ -o conftest    conftest.cpp  >&5
configure:3197: $? = 0
configure:3204: ./conftest
configure:3208: $? = 0
configure:3223: result: no
configure:3228: checking for suffix of object files
configure:3250: g++ -c   conftest.cpp >&5
configure:3254: $? = 0
configure:3275: result: o
configure:3279: checking whether we are using the GNU C++ compiler
configure:3298: g++ -c   conftest.cpp >&5
configure:3298: $? = 0
configure:3307: result: yes
configure:3316: checking whether g++ accepts -g
configure:3336: g++ -c -g  conftest.cpp >&5
configure:3336: $? = 0
configure:3377: result: yes
configure:3411: checking for style of include used by make
configure:3439: result: GNU
configure:3465: checking dependency style of g++
configure:3576: result: gcc3
configure:3620: checking build system type
configure:3634: result: x86_64-unknown-linux-gnu
configure:3654: checking host system type
configure:3667: result: x86_64-unknown-linux-gnu
configure:3708: checking how to print strings
configure:3735: result: printf
configure:3804: checking for gcc
configure:3820: found /usr/bin/gcc
configure:3831: result: gcc
configure:4060: checking for C compiler version
configure:4069: gcc --version >&5
gcc (Ubuntu 4.8.4-2ubuntu1~14.04.1) 4.8.4
Copyright (C) 2013 Free Software Foundation, Inc.
This is free software; see the source for copying conditions.  There is NO
warranty; not even for MERCHANTABILITY or FITNESS FOR A PARTICULAR PURPOSE.

configure:4080: $? = 0
configure:4069: gcc -v >&5
Using built-in specs.
COLLECT_GCC=gcc
COLLECT_LTO_WRAPPER=/usr/lib/gcc/x86_64-linux-gnu/4.8/lto-wrapper
Target: x86_64-linux-gnu
Configured with: ../src/configure -v --with-pkgversion='Ubuntu 4.8.4-2ubuntu1~14.04.1' --with-bugurl=file:///usr/share/doc/gcc-4.8/README.Bugs --enable-languages=c,c++,java,go,d,fortran,objc,obj-c++ --prefix=/usr --program-suffix=-4.8 --enable-shared --enable-linker-build-id --libexecdir=/usr/lib --without-included-gettext --enable-threads=posix --with-gxx-include-dir=/usr/include/c++/4.8 --libdir=/usr/lib --enable-nls --with-sysroot=/ --enable-clocale=gnu --enable-libstdcxx-debug --enable-libstdcxx-time=yes --enable-gnu-unique-object --disable-libmudflap --enable-plugin --with-system-zlib --disable-browser-plugin --enable-java-awt=gtk --enable-gtk-cairo --with-java-home=/usr/lib/jvm/java-1.5.0-gcj-4.8-amd64/jre --enable-java-home --with-jvm-root-dir=/usr/lib/jvm/java-1.5.0-gcj-4.8-amd64 --with-jvm-jar-dir=/usr/lib/jvm-exports/java-1.5.0-gcj-4.8-amd64 --with-arch-directory=amd64 --with-ecj-jar=/usr/share/java/eclipse-ecj.jar --enable-objc-gc --enable-multiarch --disable-werror --with-arch-32=i686 --with-abi=m64 --with-multilib-list=m32,m64,mx32 --with-tune=generic --enable-checking=release --build=x86_64-linux-gnu --host=x86_64-linux-gnu --target=x86_64-linux-gnu
Thread model: posix
gcc version 4.8.4 (Ubuntu 4.8.4-2ubuntu1~14.04.1) 
configure:4080: $? = 0
configure:4069: gcc -V >&5
gcc: error: unrecognized command line option '-V'
gcc: fatal error: no input files
compilation terminated.
configure:4080: $? = 4
configure:4069: gcc -qversion >&5
gcc: error: unrecognized command line option '-qversion'
gcc: fatal error: no input files
compilation terminated.
configure:4080: $? = 4
configure:4084: checking whether we are using the GNU C compiler
configure:4103: gcc -c   conftest.c >&5
configure:4103: $? = 0
configure:4112: result: yes
configure:4121: checking whether gcc accepts -g
configure:4141: gcc -c -g  conftest.c >&5
configure:4141: $? = 0
configure:4182: result: yes
configure:4199: checking for gcc option to accept ISO C89
configure:4262: gcc  -c -g -O2  conftest.c >&5
configure:4262: $? = 0
configure:4275: result: none needed
configure:4300: checking whether gcc understands -c and -o together
configure:4322: gcc -c conftest.c -o conftest2.o
configure:4325: $? = 0
configure:4322: gcc -c conftest.c -o conftest2.o
configure:4325: $? = 0
configure:4337: result: yes
configure:4356: checking dependency style of gcc
configure:4467: result: gcc3
configure:4482: checking for a sed that does not truncate output
configure:4546: result: /bin/sed
configure:4564: checking for grep that handles long lines and -e
configure:4622: result: /bin/grep
configure:4627: checking for egrep
configure:4689: result: /bin/grep -E
configure:4694: checking for fgrep
configure:4756: result: /bin/grep -F
configure:4791: checking for ld used by gcc
configure:4858: result: /usr/bin/ld
configure:4865: checking if the linker (/usr/bin/ld) is GNU ld
configure:4880: result: yes
configure:4892: checking for BSD- or MS-compatible name lister (nm)
configure:4941: result: /usr/bin/nm -B
configure:5071: checking the name lister (/usr/bin/nm -B) interface
configure:5078: g++ -c -g -O2  conftest.cpp >&5
configure:5081: /usr/bin/nm -B "conftest.o"
configure:5084: output
0000000000000000 B some_variable
configure:5091: result: BSD nm
configure:5094: checking whether ln -s works
configure:5098: result: yes
configure:5106: checking the maximum length of command line arguments
configure:5237: result: 1572864
configure:5254: checking whether the shell understands some XSI constructs
configure:5264: result: yes
configure:5268: checking whether the shell understands "+="
configure:5274: result: yes
configure:5309: checking how to convert x86_64-unknown-linux-gnu file names to x86_64-unknown-linux-gnu format
configure:5349: result: func_convert_file_noop
configure:5356: checking how to convert x86_64-unknown-linux-gnu file names to toolchain format
configure:5376: result: func_convert_file_noop
configure:5383: checking for /usr/bin/ld option to reload object files
configure:5390: result: -r
configure:5464: checking for objdump
configure:5480: found /usr/bin/objdump
configure:5491: result: objdump
configure:5523: checking how to recognize dependent libraries
configure:5721: result: pass_all
configure:5806: checking for dlltool
configure:5836: result: no
configure:5866: checking how to associate runtime and link libraries
configure:5893: result: printf %s\n
configure:5954: checking for ar
configure:5970: found /usr/bin/ar
configure:5981: result: ar
configure:6018: checking for archiver @FILE support
configure:6035: g++ -c -g -O2  conftest.cpp >&5
configure:6035: $? = 0
configure:6038: ar cru libconftest.a @conftest.lst >&5
configure:6041: $? = 0
configure:6046: ar cru libconftest.a @conftest.lst >&5
ar: conftest.o: No such file or directory
configure:6049: $? = 1
configure:6061: result: @
configure:6119: checking for strip
configure:6135: found /usr/bin/strip
configure:6146: result: strip
configure:6218: checking for ranlib
configure:6234: found /usr/bin/ranlib
configure:6245: result: ranlib
configure:6347: checking command to parse /usr/bin/nm -B output from gcc object
configure:6467: g++ -c -g -O2  conftest.cpp >&5
configure:6470: $? = 0
configure:6474: /usr/bin/nm -B conftest.o \| sed -n -e 's/^.*[ ]\([ABCDGIRSTW][ABCDGIRSTW]*\)[ ][ ]*\([_A-Za-z][_A-Za-z0-9]*\)$/\1 \2 \2/p' | sed '/ __gnu_lto/d' \> conftest.nm
configure:6477: $? = 0
configure:6543: g++ -o conftest -g -O2   conftest.cpp conftstm.o >&5
configure:6546: $? = 0
configure:6584: result: ok
configure:6621: checking for sysroot
configure:6651: result: no
configure:6729: g++ -c -g -O2  conftest.cpp >&5
configure:6732: $? = 0
configure:6921: checking for mt
configure:6937: found /bin/mt
configure:6948: result: mt
configure:6971: checking if mt is a manifest tool
configure:6977: mt '-?'
configure:6985: result: no
configure:7627: checking how to run the C preprocessor
configure:7658: gcc -E  conftest.c
configure:7658: $? = 0
configure:7672: gcc -E  conftest.c
conftest.c:11:28: fatal error: ac_nonexistent.h: No such file or directory
 #include <ac_nonexistent.h>
                            ^
compilation terminated.
configure:7672: $? = 1
configure: failed program was:
| /* confdefs.h */
| #define PACKAGE_NAME ""
| #define PACKAGE_TARNAME ""
| #define PACKAGE_VERSION ""
| #define PACKAGE_STRING ""
| #define PACKAGE_BUGREPORT ""
| #define PACKAGE_URL ""
| #define PACKAGE "SampleApp"
| #define VERSION "0.1"
| /* end confdefs.h.  */
| #include <ac_nonexistent.h>
configure:7697: result: gcc -E
configure:7717: gcc -E  conftest.c
configure:7717: $? = 0
configure:7731: gcc -E  conftest.c
conftest.c:11:28: fatal error: ac_nonexistent.h: No such file or directory
 #include <ac_nonexistent.h>
                            ^
compilation terminated.
configure:7731: $? = 1
configure: failed program was:
| /* confdefs.h */
| #define PACKAGE_NAME ""
| #define PACKAGE_TARNAME ""
| #define PACKAGE_VERSION ""
| #define PACKAGE_STRING ""
| #define PACKAGE_BUGREPORT ""
| #define PACKAGE_URL ""
| #define PACKAGE "SampleApp"
| #define VERSION "0.1"
| /* end confdefs.h.  */
| #include <ac_nonexistent.h>
configure:7760: checking for ANSI C header files
configure:7780: gcc -c -g -O2  conftest.c >&5
configure:7780: $? = 0
configure:7853: gcc -o conftest -g -O2   conftest.c  >&5
configure:7853: $? = 0
configure:7853: ./conftest
configure:7853: $? = 0
configure:7864: result: yes
configure:7877: checking for sys/types.h
configure:7877: gcc -c -g -O2  conftest.c >&5
configure:7877: $? = 0
configure:7877: result: yes
configure:7877: checking for sys/stat.h
configure:7877: gcc -c -g -O2  conftest.c >&5
configure:7877: $? = 0
configure:7877: result: yes
configure:7877: checking for stdlib.h
configure:7877: gcc -c -g -O2  conftest.c >&5
configure:7877: $? = 0
configure:7877: result: yes
configure:7877: checking for string.h
configure:7877: gcc -c -g -O2  conftest.c >&5
configure:7877: $? = 0
configure:7877: result: yes
configure:7877: checking for memory.h
configure:7877: gcc -c -g -O2  conftest.c >&5
configure:7877: $? = 0
configure:7877: result: yes
configure:7877: checking for strings.h
configure:7877: gcc -c -g -O2  conftest.c >&5
configure:7877: $? = 0
configure:7877: result: yes
configure:7877: checking for inttypes.h
configure:7877: gcc -c -g -O2  conftest.c >&5
configure:7877: $? = 0
configure:7877: result: yes
configure:7877: checking for stdint.h
configure:7877: gcc -c -g -O2  conftest.c >&5
configure:7877: $? = 0
configure:7877: result: yes
configure:7877: checking for unistd.h
configure:7877: gcc -c -g -O2  conftest.c >&5
configure:7877: $? = 0
configure:7877: result: yes
configure:7891: checking for dlfcn.h
configure:7891: gcc -c -g -O2  conftest.c >&5
configure:7891: $? = 0
configure:7891: result: yes
configure:8107: checking for objdir
configure:8122: result: .libs
configure:8389: checking if gcc supports -fno-rtti -fno-exceptions
configure:8407: gcc -c -g -O2  -fno-rtti -fno-exceptions conftest.c >&5
cc1: warning: command line option '-fno-rtti' is valid for C++/ObjC++ but not for C [enabled by default]
configure:8411: $? = 0
configure:8424: result: no
configure:8751: checking for gcc option to produce PIC
configure:8758: result: -fPIC -DPIC
configure:8766: checking if gcc PIC flag -fPIC -DPIC works
configure:8784: gcc -c -g -O2  -fPIC -DPIC -DPIC conftest.c >&5
configure:8788: $? = 0
configure:8801: result: yes
configure:8830: checking if gcc static flag -static works
configure:8858: result: yes
configure:8873: checking if gcc supports -c -o file.o
configure:8894: gcc -c -g -O2  -o out/conftest2.o conftest.c >&5
configure:8898: $? = 0
configure:8920: result: yes
configure:8928: checking if gcc supports -c -o file.o
configure:8975: result: yes
configure:9008: checking whether the gcc linker (/usr/bin/ld -m elf_x86_64) supports shared libraries
configure:10165: result: yes
configure:10202: checking whether -lc should be explicitly linked in
configure:10210: gcc -c -g -O2  conftest.c >&5
configure:10213: $? = 0
configure:10228: gcc -shared  -fPIC -DPIC conftest.o  -v -Wl,-soname -Wl,conftest -o conftest 2\>\&1 \| /bin/grep  -lc  \>/dev/null 2\>\&1
configure:10231: $? = 0
configure:10245: result: no
configure:10405: checking dynamic linker characteristics
configure:10905: gcc -o conftest -g -O2   -Wl,-rpath -Wl,/foo conftest.c  >&5
configure:10905: $? = 0
configure:11139: result: GNU/Linux ld.so
configure:11246: checking how to hardcode library paths into programs
configure:11271: result: immediate
configure:11811: checking whether stripping libraries is possible
configure:11816: result: yes
configure:11851: checking if libtool supports shared libraries
configure:11853: result: yes
configure:11856: checking whether to build shared libraries
configure:11877: result: yes
configure:11880: checking whether to build static libraries
configure:11884: result: yes
configure:11907: checking how to run the C++ preprocessor
configure:11934: g++ -E  conftest.cpp
configure:11934: $? = 0
configure:11948: g++ -E  conftest.cpp
conftest.cpp:23:28: fatal error: ac_nonexistent.h: No such file or directory
 #include <ac_nonexistent.h>
                            ^
compilation terminated.
configure:11948: $? = 1
configure: failed program was:
| /* confdefs.h */
| #define PACKAGE_NAME ""
| #define PACKAGE_TARNAME ""
| #define PACKAGE_VERSION ""
| #define PACKAGE_STRING ""
| #define PACKAGE_BUGREPORT ""
| #define PACKAGE_URL ""
| #define PACKAGE "SampleApp"
| #define VERSION "0.1"
| #define STDC_HEADERS 1
| #define HAVE_SYS_TYPES_H 1
| #define HAVE_SYS_STAT_H 1
| #define HAVE_STDLIB_H 1
| #define HAVE_STRING_H 1
| #define HAVE_MEMORY_H 1
| #define HAVE_STRINGS_H 1
| #define HAVE_INTTYPES_H 1
| #define HAVE_STDINT_H 1
| #define HAVE_UNISTD_H 1
| #define HAVE_DLFCN_H 1
| #define LT_OBJDIR ".libs/"
| /* end confdefs.h.  */
| #include <ac_nonexistent.h>
configure:11973: result: g++ -E
configure:11993: g++ -E  conftest.cpp
configure:11993: $? = 0
configure:12007: g++ -E  conftest.cpp
conftest.cpp:23:28: fatal error: ac_nonexistent.h: No such file or directory
 #include <ac_nonexistent.h>
                            ^
compilation terminated.
configure:12007: $? = 1
configure: failed program was:
| /* confdefs.h */
| #define PACKAGE_NAME ""
| #define PACKAGE_TARNAME ""
| #define PACKAGE_VERSION ""
| #define PACKAGE_STRING ""
| #define PACKAGE_BUGREPORT ""
| #define PACKAGE_URL ""
| #define PACKAGE "SampleApp"
| #define VERSION "0.1"
| #define STDC_HEADERS 1
| #define HAVE_SYS_TYPES_H 1
| #define HAVE_SYS_STAT_H 1
| #define HAVE_STDLIB_H 1
| #define HAVE_STRING_H 1
| #define HAVE_MEMORY_H 1
| #define HAVE_STRINGS_H 1
| #define HAVE_INTTYPES_H 1
| #define HAVE_STDINT_H 1
| #define HAVE_UNISTD_H 1
| #define HAVE_DLFCN_H 1
| #define LT_OBJDIR ".libs/"
| /* end confdefs.h.  */
| #include <ac_nonexistent.h>
configure:12176: checking for ld used by g++
configure:12243: result: /usr/bin/ld -m elf_x86_64
configure:12250: checking if the linker (/usr/bin/ld -m elf_x86_64) is GNU ld
configure:12265: result: yes
configure:12320: checking whether the g++ linker (/usr/bin/ld -m elf_x86_64) supports shared libraries
configure:13322: result: yes
configure:13358: g++ -c -g -O2  conftest.cpp >&5
configure:13361: $? = 0
configure:13881: checking for g++ option to produce PIC
configure:13888: result: -fPIC -DPIC
configure:13896: checking if g++ PIC flag -fPIC -DPIC works
configure:13914: g++ -c -g -O2  -fPIC -DPIC -DPIC conftest.cpp >&5
configure:13918: $? = 0
configure:13931: result: yes
configure:13954: checking if g++ static flag -static works
configure:13982: result: yes
configure:13994: checking if g++ supports -c -o file.o
configure:14015: g++ -c -g -O2  -o out/conftest2.o conftest.cpp >&5
configure:14019: $? = 0
configure:14041: result: yes
configure:14046: checking if g++ supports -c -o file.o
configure:14093: result: yes
configure:14123: checking whether the g++ linker (/usr/bin/ld -m elf_x86_64) supports shared libraries
configure:14162: result: yes
configure:14303: checking dynamic linker characteristics
configure:14971: result: GNU/Linux ld.so
configure:15024: checking how to hardcode library paths into programs
configure:15049: result: immediate
configure:15165: checking for pkg-config
configure:15183: found /usr/bin/pkg-config
configure:15195: result: /usr/bin/pkg-config
configure:15220: checking pkg-config is at least version 0.9.0
configure:15223: result: yes
configure:15233: checking for OGRE
configure:15240: $PKG_CONFIG --exists --print-errors "OGRE >= 1.2"
configure:15243: $? = 0
configure:15257: $PKG_CONFIG --exists --print-errors "OGRE >= 1.2"
configure:15260: $? = 0
configure:15318: result: yes
configure:15327: checking for OIS
configure:15334: $PKG_CONFIG --exists --print-errors "OIS >= 1.0"
configure:15337: $? = 0
configure:15351: $PKG_CONFIG --exists --print-errors "OIS >= 1.0"
configure:15354: $? = 0
configure:15412: result: yes
configure:15421: checking for bullet
configure:15428: $PKG_CONFIG --exists --print-errors "bullet >= 2.79"
configure:15431: $? = 0
configure:15445: $PKG_CONFIG --exists --print-errors "bullet >= 2.79"
configure:15448: $? = 0
configure:15506: result: yes
configure:15623: checking that generated files are newer than configure
configure:15629: result: done
configure:15656: creating ./config.status

## ---------------------- ##
## Running config.status. ##
## ---------------------- ##

This file was extended by config.status, which was
generated by GNU Autoconf 2.69.  Invocation command line was

  CONFIG_FILES    = 
  CONFIG_HEADERS  = 
  CONFIG_LINKS    = 
  CONFIG_COMMANDS = 
  $ ./config.status 

on milky-way

config.status:1154: creating Makefile
config.status:1154: creating config.h
config.status:1335: config.h is unchanged
config.status:1383: executing depfiles commands
config.status:1383: executing libtool commands

## ---------------- ##
## Cache variables. ##
## ---------------- ##

ac_cv_build=x86_64-unknown-linux-gnu
ac_cv_c_compiler_gnu=yes
ac_cv_cxx_compiler_gnu=yes
ac_cv_env_CCC_set=
ac_cv_env_CCC_value=
ac_cv_env_CC_set=
ac_cv_env_CC_value=
ac_cv_env_CFLAGS_set=
ac_cv_env_CFLAGS_value=
ac_cv_env_CPPFLAGS_set=
ac_cv_env_CPPFLAGS_value=
ac_cv_env_CPP_set=
ac_cv_env_CPP_value=
ac_cv_env_CXXCPP_set=
ac_cv_env_CXXCPP_value=
ac_cv_env_CXXFLAGS_set=
ac_cv_env_CXXFLAGS_value=
ac_cv_env_CXX_set=
ac_cv_env_CXX_value=
ac_cv_env_LDFLAGS_set=
ac_cv_env_LDFLAGS_value=
ac_cv_env_LIBS_set=
ac_cv_env_LIBS_value=
ac_cv_env_OGRE_CFLAGS_set=
ac_cv_env_OGRE_CFLAGS_value=
ac_cv_env_OGRE_LIBS_set=
ac_cv_env_OGRE_LIBS_value=
ac_cv_env_OIS_CFLAGS_set=
ac_cv_env_OIS_CFLAGS_value=
ac_cv_env_OIS_LIBS_set=
ac_cv_env_OIS_LIBS_value=
ac_cv_env_PKG_CONFIG_LIBDIR_set=
ac_cv_env_PKG_CONFIG_LIBDIR_value=
ac_cv_env_PKG_CONFIG_PATH_set=
ac_cv_env_PKG_CONFIG_PATH_value=
ac_cv_env_PKG_CONFIG_set=
ac_cv_env_PKG_CONFIG_value=
ac_cv_env_build_alias_set=
ac_cv_env_build_alias_value=
ac_cv_env_bullet_CFLAGS_set=
ac_cv_env_bullet_CFLAGS_value=
ac_cv_env_bullet_LIBS_set=
ac_cv_env_bullet_LIBS_value=
ac_cv_env_host_alias_set=
ac_cv_env_host_alias_value=
ac_cv_env_target_alias_set=
ac_cv_env_target_alias_value=
ac_cv_header_dlfcn_h=yes
ac_cv_header_inttypes_h=yes
ac_cv_header_memory_h=yes
ac_cv_header_stdc=yes
ac_cv_header_stdint_h=yes
ac_cv_header_stdlib_h=yes
ac_cv_header_string_h=yes
ac_cv_header_strings_h=yes
ac_cv_header_sys_stat_h=yes
ac_cv_header_sys_types_h=yes
ac_cv_header_unistd_h=yes
ac_cv_host=x86_64-unknown-linux-gnu
ac_cv_objext=o
ac_cv_path_EGREP='/bin/grep -E'
ac_cv_path_FGREP='/bin/grep -F'
ac_cv_path_GREP=/bin/grep
ac_cv_path_SED=/bin/sed
ac_cv_path_ac_pt_PKG_CONFIG=/usr/bin/pkg-config
ac_cv_path_install='/usr/bin/install -c'
ac_cv_path_mkdir=/bin/mkdir
ac_cv_prog_AWK=gawk
ac_cv_prog_CPP='gcc -E'
ac_cv_prog_CXXCPP='g++ -E'
ac_cv_prog_ac_ct_AR=ar
ac_cv_prog_ac_ct_CC=gcc
ac_cv_prog_ac_ct_CXX=g++
ac_cv_prog_ac_ct_MANIFEST_TOOL=mt
ac_cv_prog_ac_ct_OBJDUMP=objdump
ac_cv_prog_ac_ct_RANLIB=ranlib
ac_cv_prog_ac_ct_STRIP=strip
ac_cv_prog_cc_c89=
ac_cv_prog_cc_g=yes
ac_cv_prog_cxx_g=yes
ac_cv_prog_make_make_set=yes
am_cv_CC_dependencies_compiler_type=gcc3
am_cv_CXX_dependencies_compiler_type=gcc3
am_cv_make_support_nested_variables=yes
am_cv_prog_cc_c_o=yes
lt_cv_ar_at_file=@
lt_cv_archive_cmds_need_lc=no
lt_cv_deplibs_check_method=pass_all
lt_cv_file_magic_cmd='$MAGIC_CMD'
lt_cv_file_magic_test_file=
lt_cv_ld_reload_flag=-r
lt_cv_nm_interface='BSD nm'
lt_cv_objdir=.libs
lt_cv_path_LD=/usr/bin/ld
lt_cv_path_LDCXX='/usr/bin/ld -m elf_x86_64'
lt_cv_path_NM='/usr/bin/nm -B'
lt_cv_path_mainfest_tool=no
lt_cv_prog_compiler_c_o=yes
lt_cv_prog_compiler_c_o_CXX=yes
lt_cv_prog_compiler_pic='-fPIC -DPIC'
lt_cv_prog_compiler_pic_CXX='-fPIC -DPIC'
lt_cv_prog_compiler_pic_works=yes
lt_cv_prog_compiler_pic_works_CXX=yes
lt_cv_prog_compiler_rtti_exceptions=no
lt_cv_prog_compiler_static_works=yes
lt_cv_prog_compiler_static_works_CXX=yes
lt_cv_prog_gnu_ld=yes
lt_cv_prog_gnu_ldcxx=yes
lt_cv_sharedlib_from_linklib_cmd='printf %s\n'
lt_cv_shlibpath_overrides_runpath=no
lt_cv_sys_global_symbol_pipe='sed -n -e '\''s/^.*[	 ]\([ABCDGIRSTW][ABCDGIRSTW]*\)[	 ][	 ]*\([_A-Za-z][_A-Za-z0-9]*\)$/\1 \2 \2/p'\'' | sed '\''/ __gnu_lto/d'\'''
lt_cv_sys_global_symbol_to_c_name_address='sed -n -e '\''s/^: \([^ ]*\)[ ]*$/  {\"\1\", (void *) 0},/p'\'' -e '\''s/^[ABCDGIRSTW]* \([^ ]*\) \([^ ]*\)$/  {"\2", (void *) \&\2},/p'\'''
lt_cv_sys_global_symbol_to_c_name_address_lib_prefix='sed -n -e '\''s/^: \([^ ]*\)[ ]*$/  {\"\1\", (void *) 0},/p'\'' -e '\''s/^[ABCDGIRSTW]* \([^ ]*\) \(lib[^ ]*\)$/  {"\2", (void *) \&\2},/p'\'' -e '\''s/^[ABCDGIRSTW]* \([^ ]*\) \([^ ]*\)$/  {"lib\2", (void *) \&\2},/p'\'''
lt_cv_sys_global_symbol_to_cdecl='sed -n -e '\''s/^T .* \(.*\)$/extern int \1();/p'\'' -e '\''s/^[ABCDGIRSTW]* .* \(.*\)$/extern char \1;/p'\'''
lt_cv_sys_max_cmd_len=1572864
lt_cv_to_host_file_cmd=func_convert_file_noop
lt_cv_to_tool_file_cmd=func_convert_file_noop
pkg_cv_OGRE_CFLAGS='-pthread -I/lusr/opt/ogre-1.9/include -I/lusr/opt/ogre-1.9/include/OGRE  '
pkg_cv_OGRE_LIBS='-L/lusr/opt/ogre-1.9/lib -lOgreMain -lpthread  '
pkg_cv_OIS_CFLAGS='-I/usr/include/ois  '
pkg_cv_OIS_LIBS='-lOIS  '
pkg_cv_bullet_CFLAGS='-I/usr/include/bullet  '
pkg_cv_bullet_LIBS='-lBulletSoftBody -lBulletDynamics -lBulletCollision -lLinearMath  '

## ----------------- ##
## Output variables. ##
## ----------------- ##

ACLOCAL='${SHELL} /v/filer4b/v38q001/doug/CS354R/354r-p2/missing aclocal-1.14'
AMDEPBACKSLASH='\'
AMDEP_FALSE='#'
AMDEP_TRUE=''
AMTAR='$${TAR-tar}'
AM_BACKSLASH='\'
AM_DEFAULT_V='$(AM_DEFAULT_VERBOSITY)'
AM_DEFAULT_VERBOSITY='1'
AM_V='$(V)'
AR='ar'
AUTOCONF='${SHELL} /v/filer4b/v38q001/doug/CS354R/354r-p2/missing autoconf'
AUTOHEADER='${SHELL} /v/filer4b/v38q001/doug/CS354R/354r-p2/missing autoheader'
AUTOMAKE='${SHELL} /v/filer4b/v38q001/doug/CS354R/354r-p2/missing automake-1.14'
AWK='gawk'
BULLET_CFLAGS=''
BULLET_LIBS=''
CC='gcc'
CCDEPMODE='depmode=gcc3'
CFLAGS='-g -O2'
CPP='gcc -E'
CPPFLAGS=''
CXX='g++'
CXXCPP='g++ -E'
CXXDEPMODE='depmode=gcc3'
CXXFLAGS='-g -O2'
CYGPATH_W='echo'
DEFS='-DHAVE_CONFIG_H'
DEPDIR='.deps'
DLLTOOL='false'
DSYMUTIL=''
DUMPBIN=''
ECHO_C=''
ECHO_N='-n'
ECHO_T=''
EGREP='/bin/grep -E'
EXEEXT=''
FGREP='/bin/grep -F'
GREP='/bin/grep'
INSTALL_DATA='${INSTALL} -m 644'
INSTALL_PROGRAM='${INSTALL}'
INSTALL_SCRIPT='${INSTALL}'
INSTALL_STRIP_PROGRAM='$(install_sh) -c -s'
LD='/usr/bin/ld -m elf_x86_64'
LDFLAGS=''
LIBOBJS=''
LIBS=''
LIBTOOL='$(SHELL) $(top_builddir)/libtool'
LIPO=''
LN_S='ln -s'
LTLIBOBJS=''
MAKEINFO='${SHELL} /v/filer4b/v38q001/doug/CS354R/354r-p2/missing makeinfo'
MANIFEST_TOOL=':'
MKDIR_P='/bin/mkdir -p'
NM='/usr/bin/nm -B'
NMEDIT=''
OBJDUMP='objdump'
OBJEXT='o'
OGRE_CFLAGS='-pthread -I/lusr/opt/ogre-1.9/include -I/lusr/opt/ogre-1.9/include/OGRE  '
OGRE_LIBS='-L/lusr/opt/ogre-1.9/lib -lOgreMain -lpthread  '
OIS_CFLAGS='-I/usr/include/ois  '
OIS_LIBS='-lOIS  '
OTOOL64=''
OTOOL=''
PACKAGE='SampleApp'
PACKAGE_BUGREPORT=''
PACKAGE_NAME=''
PACKAGE_STRING=''
PACKAGE_TARNAME=''
PACKAGE_URL=''
PACKAGE_VERSION=''
PATH_SEPARATOR=':'
PKG_CONFIG='/usr/bin/pkg-config'
PKG_CONFIG_LIBDIR=''
PKG_CONFIG_PATH=''
RANLIB='ranlib'
SED='/bin/sed'
SET_MAKE=''
SHELL='/bin/bash'
STRIP='strip'
VERSION='0.1'
ac_ct_AR='ar'
ac_ct_CC='gcc'
ac_ct_CXX='g++'
ac_ct_DUMPBIN=''
am__EXEEXT_FALSE=''
am__EXEEXT_TRUE='#'
am__fastdepCC_FALSE='#'
am__fastdepCC_TRUE=''
am__fastdepCXX_FALSE='#'
am__fastdepCXX_TRUE=''
am__include='include'
am__isrc=''
am__leading_dot='.'
am__nodep='_no'
am__quote=''
am__tar='$${TAR-tar} chof - "$$tardir"'
am__untar='$${TAR-tar} xf -'
bindir='${exec_prefix}/bin'
build='x86_64-unknown-linux-gnu'
build_alias=''
build_cpu='x86_64'
build_os='linux-gnu'
build_vendor='unknown'
bullet_CFLAGS='-I/usr/include/bullet  '
bullet_LIBS='-lBulletSoftBody -lBulletDynamics -lBulletCollision -lLinearMath  '
datadir='${datarootdir}'
datarootdir='${prefix}/share'
docdir='${datarootdir}/doc/${PACKAGE}'
dvidir='${docdir}'
exec_prefix='${prefix}'
host='x86_64-unknown-linux-gnu'
host_alias=''
host_cpu='x86_64'
host_os='linux-gnu'
host_vendor='unknown'
htmldir='${docdir}'
includedir='${prefix}/include'
infodir='${datarootdir}/info'
install_sh='${SHELL} /v/filer4b/v38q001/doug/CS354R/354r-p2/install-sh'
libdir='${exec_prefix}/lib'
libexecdir='${exec_prefix}/libexec'
localedir='${datarootdir}/locale'
localstatedir='${prefix}/var'
mandir='${datarootdir}/man'
mkdir_p='$(MKDIR_P)'
oldincludedir='/usr/include'
pdfdir='${docdir}'
prefix='/usr/local'
program_transform_name='s,x,x,'
psdir='${docdir}'
sbindir='${exec_prefix}/sbin'
sharedstatedir='${prefix}/com'
sysconfdir='${prefix}/etc'
target_alias=''

## ----------- ##
## confdefs.h. ##
## ----------- ##

/* confdefs.h */
#define PACKAGE_NAME ""
#define PACKAGE_TARNAME ""
#define PACKAGE_VERSION ""
#define PACKAGE_STRING ""
#define PACKAGE_BUGREPORT ""
#define PACKAGE_URL ""
#define PACKAGE "SampleApp"
#define VERSION "0.1"
#define STDC_HEADERS 1
#define HAVE_SYS_TYPES_H 1
#define HAVE_SYS_STAT_H 1
#define HAVE_STDLIB_H 1
#define HAVE_STRING_H 1
#define HAVE_MEMORY_H 1
#define HAVE_STRINGS_H 1
#define HAVE_INTTYPES_H 1
#define HAVE_STDINT_H 1
#define HAVE_UNISTD_H 1
#define HAVE_DLFCN_H 1
#define LT_OBJDIR ".libs/"

configure: exit 0
